=== UPLOAD DEBUG 2025-07-31 15:59:14 ===
POST: Array
(
)

FILES: Array
(
)

SERVER: Array
(
    [MIBDIRS] => C:/xampp/php/extras/mibs
    [MYSQL_HOME] => \xampp\mysql\bin
    [OPENSSL_CONF] => C:/xampp/apache/bin/openssl.cnf
    [PHP_PEAR_SYSCONF_DIR] => \xampp\php
    [PHPRC] => \xampp\php
    [TMP] => \xampp\tmp
    [HTTP_HOST] => 192.168.1.6
    [HTTP_CONNECTION] => keep-alive
    [HTTP_UPGRADE_INSECURE_REQUESTS] => 1
    [HTTP_USER_AGENT] => Mozilla/5.0 (Windows NT 10.0; Win64; x64) AppleWebKit/537.36 (KHTML, like Gecko) Chrome/138.0.0.0 Safari/537.36
    [HTTP_ACCEPT] => text/html,application/xhtml+xml,application/xml;q=0.9,image/avif,image/webp,image/apng,*/*;q=0.8,application/signed-exchange;v=b3;q=0.7
    [HTTP_ACCEPT_ENCODING] => gzip, deflate
    [HTTP_ACCEPT_LANGUAGE] => en-US,en;q=0.9
    [PATH] => C:\Program Files\Common Files\Oracle\Java\javapath;C:\Users\HP\Downloads\jdk-23_windows-x64_bin\jdk-23.0.1\bin;C:\WINDOWS\system32;C:\WINDOWS;C:\WINDOWS\System32\Wbem;C:\WINDOWS\System32\WindowsPowerShell\v1.0\;C:\WINDOWS\System32\OpenSSH\;C:\Program Files\Java\jdk-23\bin;C:\Program Files\Git\cmd;C:\Program Files\nodejs\;C:\Users\HP\AppData\Local\Programs\Python\Python313\Scripts\;C:\Users\HP\AppData\Local\Programs\Python\Python313\;C:\Users\HP\AppData\Local\Programs\Python\Launcher\;C:\Users\HP\Downloads\jdk-23_windows-x64_bin\jdk-23.0.1\bin;C:\Users\HP\AppData\Local\Microsoft\WindowsApps;C:\Users\HP\AppData\Local\Programs\Microsoft VS Code\bin;C:\Program Files\JetBrains\IntelliJ IDEA Community Edition 2025.1\bin;;C:\Users\HP\AppData\Roaming\npm
    [SystemRoot] => C:\WINDOWS
    [COMSPEC] => C:\WINDOWS\system32\cmd.exe
    [PATHEXT] => .COM;.EXE;.BAT;.CMD;.VBS;.VBE;.JS;.JSE;.WSF;.WSH;.MSC
    [WINDIR] => C:\WINDOWS
    [SERVER_SIGNATURE] => <address>Apache/2.4.58 (Win64) OpenSSL/3.1.3 PHP/8.2.12 Server at 192.168.1.6 Port 80</address>

    [SERVER_SOFTWARE] => Apache/2.4.58 (Win64) OpenSSL/3.1.3 PHP/8.2.12
    [SERVER_NAME] => 192.168.1.6
    [SERVER_ADDR] => 192.168.1.6
    [SERVER_PORT] => 80
    [REMOTE_ADDR] => 192.168.1.6
    [DOCUMENT_ROOT] => C:/xampp/htdocs
    [REQUEST_SCHEME] => http
    [CONTEXT_PREFIX] => 
    [CONTEXT_DOCUMENT_ROOT] => C:/xampp/htdocs
    [SERVER_ADMIN] => postmaster@localhost
    [SCRIPT_FILENAME] => C:/xampp/htdocs/codekendra/api/upload_profile_pic.php
    [REMOTE_PORT] => 59419
    [GATEWAY_INTERFACE] => CGI/1.1
    [SERVER_PROTOCOL] => HTTP/1.1
    [REQUEST_METHOD] => GET
    [QUERY_STRING] => 
    [REQUEST_URI] => /codekendra/api/upload_profile_pic.php
    [SCRIPT_NAME] => /codekendra/api/upload_profile_pic.php
    [PHP_SELF] => /codekendra/api/upload_profile_pic.php
    [REQUEST_TIME_FLOAT] => 1753970354.617
    [REQUEST_TIME] => 1753970354
)


=== UPLOAD DEBUG 2025-07-31 16:00:00 ===
POST: Array
(
    [uid] => 158
)

FILES: Array
(
    [profile_pic] => Array
        (
            [name] => profile_pic_1753970399671.jpg
            [full_path] => profile_pic_1753970399671.jpg
            [type] => image/jpeg
            [tmp_name] => C:\xampp\tmp\phpA94D.tmp
            [error] => 0
            [size] => 40407
        )

)

SERVER: Array
(
    [MIBDIRS] => C:/xampp/php/extras/mibs
    [MYSQL_HOME] => \xampp\mysql\bin
    [OPENSSL_CONF] => C:/xampp/apache/bin/openssl.cnf
    [PHP_PEAR_SYSCONF_DIR] => \xampp\php
    [PHPRC] => \xampp\php
    [TMP] => \xampp\tmp
    [CONTENT_TYPE] => multipart/form-data;boundary=apiclient-1753970399629
    [HTTP_USER_AGENT] => Dalvik/2.1.0 (Linux; U; Android 15; 2404ARN45A Build/AP3A.240905.015.A2)
    [HTTP_HOST] => 192.168.1.6
    [HTTP_CONNECTION] => Keep-Alive
    [HTTP_ACCEPT_ENCODING] => gzip
    [CONTENT_LENGTH] => 40741
    [PATH] => C:\Program Files\Common Files\Oracle\Java\javapath;C:\Users\HP\Downloads\jdk-23_windows-x64_bin\jdk-23.0.1\bin;C:\WINDOWS\system32;C:\WINDOWS;C:\WINDOWS\System32\Wbem;C:\WINDOWS\System32\WindowsPowerShell\v1.0\;C:\WINDOWS\System32\OpenSSH\;C:\Program Files\Java\jdk-23\bin;C:\Program Files\Git\cmd;C:\Program Files\nodejs\;C:\Users\HP\AppData\Local\Programs\Python\Python313\Scripts\;C:\Users\HP\AppData\Local\Programs\Python\Python313\;C:\Users\HP\AppData\Local\Programs\Python\Launcher\;C:\Users\HP\Downloads\jdk-23_windows-x64_bin\jdk-23.0.1\bin;C:\Users\HP\AppData\Local\Microsoft\WindowsApps;C:\Users\HP\AppData\Local\Programs\Microsoft VS Code\bin;C:\Program Files\JetBrains\IntelliJ IDEA Community Edition 2025.1\bin;;C:\Users\HP\AppData\Roaming\npm
    [SystemRoot] => C:\WINDOWS
    [COMSPEC] => C:\WINDOWS\system32\cmd.exe
    [PATHEXT] => .COM;.EXE;.BAT;.CMD;.VBS;.VBE;.JS;.JSE;.WSF;.WSH;.MSC
    [WINDIR] => C:\WINDOWS
    [SERVER_SIGNATURE] => <address>Apache/2.4.58 (Win64) OpenSSL/3.1.3 PHP/8.2.12 Server at 192.168.1.6 Port 80</address>

    [SERVER_SOFTWARE] => Apache/2.4.58 (Win64) OpenSSL/3.1.3 PHP/8.2.12
    [SERVER_NAME] => 192.168.1.6
    [SERVER_ADDR] => 192.168.1.6
    [SERVER_PORT] => 80
    [REMOTE_ADDR] => 192.168.1.4
    [DOCUMENT_ROOT] => C:/xampp/htdocs
    [REQUEST_SCHEME] => http
    [CONTEXT_PREFIX] => 
    [CONTEXT_DOCUMENT_ROOT] => C:/xampp/htdocs
    [SERVER_ADMIN] => postmaster@localhost
    [SCRIPT_FILENAME] => C:/xampp/htdocs/codekendra/api/upload_profile_pic.php
    [REMOTE_PORT] => 35552
    [GATEWAY_INTERFACE] => CGI/1.1
    [SERVER_PROTOCOL] => HTTP/1.1
    [REQUEST_METHOD] => POST
    [QUERY_STRING] => 
    [REQUEST_URI] => /codekendra/api/upload_profile_pic.php
    [SCRIPT_NAME] => /codekendra/api/upload_profile_pic.php
    [PHP_SELF] => /codekendra/api/upload_profile_pic.php
    [REQUEST_TIME_FLOAT] => 1753970400.2506
    [REQUEST_TIME] => 1753970400
)


=== UPLOAD DEBUG 2025-07-31 16:04:51 ===
POST: Array
(
    [uid] => 158
)

FILES: Array
(
    [profile_pic] => Array
        (
            [name] => profile_pic_1753970690243.jpg
            [full_path] => profile_pic_1753970690243.jpg
            [type] => image/jpeg
            [tmp_name] => C:\xampp\tmp\php198A.tmp
            [error] => 0
            [size] => 40407
        )

)

SERVER: Array
(
    [MIBDIRS] => C:/xampp/php/extras/mibs
    [MYSQL_HOME] => \xampp\mysql\bin
    [OPENSSL_CONF] => C:/xampp/apache/bin/openssl.cnf
    [PHP_PEAR_SYSCONF_DIR] => \xampp\php
    [PHPRC] => \xampp\php
    [TMP] => \xampp\tmp
    [CONTENT_TYPE] => multipart/form-data;boundary=apiclient-1753970690214
    [HTTP_USER_AGENT] => Dalvik/2.1.0 (Linux; U; Android 15; 2404ARN45A Build/AP3A.240905.015.A2)
    [HTTP_HOST] => 192.168.1.6
    [HTTP_CONNECTION] => Keep-Alive
    [HTTP_ACCEPT_ENCODING] => gzip
    [CONTENT_LENGTH] => 40741
    [PATH] => C:\Program Files\Common Files\Oracle\Java\javapath;C:\Users\HP\Downloads\jdk-23_windows-x64_bin\jdk-23.0.1\bin;C:\WINDOWS\system32;C:\WINDOWS;C:\WINDOWS\System32\Wbem;C:\WINDOWS\System32\WindowsPowerShell\v1.0\;C:\WINDOWS\System32\OpenSSH\;C:\Program Files\Java\jdk-23\bin;C:\Program Files\Git\cmd;C:\Program Files\nodejs\;C:\Users\HP\AppData\Local\Programs\Python\Python313\Scripts\;C:\Users\HP\AppData\Local\Programs\Python\Python313\;C:\Users\HP\AppData\Local\Programs\Python\Launcher\;C:\Users\HP\Downloads\jdk-23_windows-x64_bin\jdk-23.0.1\bin;C:\Users\HP\AppData\Local\Microsoft\WindowsApps;C:\Users\HP\AppData\Local\Programs\Microsoft VS Code\bin;C:\Program Files\JetBrains\IntelliJ IDEA Community Edition 2025.1\bin;;C:\Users\HP\AppData\Roaming\npm
    [SystemRoot] => C:\WINDOWS
    [COMSPEC] => C:\WINDOWS\system32\cmd.exe
    [PATHEXT] => .COM;.EXE;.BAT;.CMD;.VBS;.VBE;.JS;.JSE;.WSF;.WSH;.MSC
    [WINDIR] => C:\WINDOWS
    [SERVER_SIGNATURE] => <address>Apache/2.4.58 (Win64) OpenSSL/3.1.3 PHP/8.2.12 Server at 192.168.1.6 Port 80</address>

    [SERVER_SOFTWARE] => Apache/2.4.58 (Win64) OpenSSL/3.1.3 PHP/8.2.12
    [SERVER_NAME] => 192.168.1.6
    [SERVER_ADDR] => 192.168.1.6
    [SERVER_PORT] => 80
    [REMOTE_ADDR] => 192.168.1.4
    [DOCUMENT_ROOT] => C:/xampp/htdocs
    [REQUEST_SCHEME] => http
    [CONTEXT_PREFIX] => 
    [CONTEXT_DOCUMENT_ROOT] => C:/xampp/htdocs
    [SERVER_ADMIN] => postmaster@localhost
    [SCRIPT_FILENAME] => C:/xampp/htdocs/codekendra/api/upload_profile_pic.php
    [REMOTE_PORT] => 57194
    [GATEWAY_INTERFACE] => CGI/1.1
    [SERVER_PROTOCOL] => HTTP/1.1
    [REQUEST_METHOD] => POST
    [QUERY_STRING] => 
    [REQUEST_URI] => /codekendra/api/upload_profile_pic.php
    [SCRIPT_NAME] => /codekendra/api/upload_profile_pic.php
    [PHP_SELF] => /codekendra/api/upload_profile_pic.php
    [REQUEST_TIME_FLOAT] => 1753970691.1931
    [REQUEST_TIME] => 1753970691
)


=== UPLOAD DEBUG 2025-07-31 16:04:54 ===
POST: Array
(
    [uid] => 158
)

FILES: Array
(
    [profile_pic] => Array
        (
            [name] => profile_pic_1753970693144.jpg
            [full_path] => profile_pic_1753970693144.jpg
            [type] => image/jpeg
            [tmp_name] => C:\xampp\tmp\php24A7.tmp
            [error] => 0
            [size] => 40407
        )

)

SERVER: Array
(
    [MIBDIRS] => C:/xampp/php/extras/mibs
    [MYSQL_HOME] => \xampp\mysql\bin
    [OPENSSL_CONF] => C:/xampp/apache/bin/openssl.cnf
    [PHP_PEAR_SYSCONF_DIR] => \xampp\php
    [PHPRC] => \xampp\php
    [TMP] => \xampp\tmp
    [CONTENT_TYPE] => multipart/form-data;boundary=apiclient-1753970690214
    [HTTP_USER_AGENT] => Dalvik/2.1.0 (Linux; U; Android 15; 2404ARN45A Build/AP3A.240905.015.A2)
    [HTTP_HOST] => 192.168.1.6
    [HTTP_CONNECTION] => Keep-Alive
    [HTTP_ACCEPT_ENCODING] => gzip
    [CONTENT_LENGTH] => 40741
    [PATH] => C:\Program Files\Common Files\Oracle\Java\javapath;C:\Users\HP\Downloads\jdk-23_windows-x64_bin\jdk-23.0.1\bin;C:\WINDOWS\system32;C:\WINDOWS;C:\WINDOWS\System32\Wbem;C:\WINDOWS\System32\WindowsPowerShell\v1.0\;C:\WINDOWS\System32\OpenSSH\;C:\Program Files\Java\jdk-23\bin;C:\Program Files\Git\cmd;C:\Program Files\nodejs\;C:\Users\HP\AppData\Local\Programs\Python\Python313\Scripts\;C:\Users\HP\AppData\Local\Programs\Python\Python313\;C:\Users\HP\AppData\Local\Programs\Python\Launcher\;C:\Users\HP\Downloads\jdk-23_windows-x64_bin\jdk-23.0.1\bin;C:\Users\HP\AppData\Local\Microsoft\WindowsApps;C:\Users\HP\AppData\Local\Programs\Microsoft VS Code\bin;C:\Program Files\JetBrains\IntelliJ IDEA Community Edition 2025.1\bin;;C:\Users\HP\AppData\Roaming\npm
    [SystemRoot] => C:\WINDOWS
    [COMSPEC] => C:\WINDOWS\system32\cmd.exe
    [PATHEXT] => .COM;.EXE;.BAT;.CMD;.VBS;.VBE;.JS;.JSE;.WSF;.WSH;.MSC
    [WINDIR] => C:\WINDOWS
    [SERVER_SIGNATURE] => <address>Apache/2.4.58 (Win64) OpenSSL/3.1.3 PHP/8.2.12 Server at 192.168.1.6 Port 80</address>

    [SERVER_SOFTWARE] => Apache/2.4.58 (Win64) OpenSSL/3.1.3 PHP/8.2.12
    [SERVER_NAME] => 192.168.1.6
    [SERVER_ADDR] => 192.168.1.6
    [SERVER_PORT] => 80
    [REMOTE_ADDR] => 192.168.1.4
    [DOCUMENT_ROOT] => C:/xampp/htdocs
    [REQUEST_SCHEME] => http
    [CONTEXT_PREFIX] => 
    [CONTEXT_DOCUMENT_ROOT] => C:/xampp/htdocs
    [SERVER_ADMIN] => postmaster@localhost
    [SCRIPT_FILENAME] => C:/xampp/htdocs/codekendra/api/upload_profile_pic.php
    [REMOTE_PORT] => 37062
    [GATEWAY_INTERFACE] => CGI/1.1
    [SERVER_PROTOCOL] => HTTP/1.1
    [REQUEST_METHOD] => POST
    [QUERY_STRING] => 
    [REQUEST_URI] => /codekendra/api/upload_profile_pic.php
    [SCRIPT_NAME] => /codekendra/api/upload_profile_pic.php
    [PHP_SELF] => /codekendra/api/upload_profile_pic.php
    [REQUEST_TIME_FLOAT] => 1753970694.0421
    [REQUEST_TIME] => 1753970694
)


=== UPLOAD DEBUG 2025-07-31 16:06:04 ===
POST: Array
(
    [uid] => 158
)

FILES: Array
(
    [profile_pic] => Array
        (
            [name] => profile_pic_1753970763447.jpg
            [full_path] => profile_pic_1753970763447.jpg
            [type] => image/jpeg
            [tmp_name] => C:\xampp\tmp\php3608.tmp
            [error] => 0
            [size] => 865100
        )

)

SERVER: Array
(
    [MIBDIRS] => C:/xampp/php/extras/mibs
    [MYSQL_HOME] => \xampp\mysql\bin
    [OPENSSL_CONF] => C:/xampp/apache/bin/openssl.cnf
    [PHP_PEAR_SYSCONF_DIR] => \xampp\php
    [PHPRC] => \xampp\php
    [TMP] => \xampp\tmp
    [CONTENT_TYPE] => multipart/form-data;boundary=apiclient-1753970763409
    [HTTP_USER_AGENT] => Dalvik/2.1.0 (Linux; U; Android 15; 2404ARN45A Build/AP3A.240905.015.A2)
    [HTTP_HOST] => 192.168.1.6
    [HTTP_CONNECTION] => Keep-Alive
    [HTTP_ACCEPT_ENCODING] => gzip
    [CONTENT_LENGTH] => 865434
    [PATH] => C:\Program Files\Common Files\Oracle\Java\javapath;C:\Users\HP\Downloads\jdk-23_windows-x64_bin\jdk-23.0.1\bin;C:\WINDOWS\system32;C:\WINDOWS;C:\WINDOWS\System32\Wbem;C:\WINDOWS\System32\WindowsPowerShell\v1.0\;C:\WINDOWS\System32\OpenSSH\;C:\Program Files\Java\jdk-23\bin;C:\Program Files\Git\cmd;C:\Program Files\nodejs\;C:\Users\HP\AppData\Local\Programs\Python\Python313\Scripts\;C:\Users\HP\AppData\Local\Programs\Python\Python313\;C:\Users\HP\AppData\Local\Programs\Python\Launcher\;C:\Users\HP\Downloads\jdk-23_windows-x64_bin\jdk-23.0.1\bin;C:\Users\HP\AppData\Local\Microsoft\WindowsApps;C:\Users\HP\AppData\Local\Programs\Microsoft VS Code\bin;C:\Program Files\JetBrains\IntelliJ IDEA Community Edition 2025.1\bin;;C:\Users\HP\AppData\Roaming\npm
    [SystemRoot] => C:\WINDOWS
    [COMSPEC] => C:\WINDOWS\system32\cmd.exe
    [PATHEXT] => .COM;.EXE;.BAT;.CMD;.VBS;.VBE;.JS;.JSE;.WSF;.WSH;.MSC
    [WINDIR] => C:\WINDOWS
    [SERVER_SIGNATURE] => <address>Apache/2.4.58 (Win64) OpenSSL/3.1.3 PHP/8.2.12 Server at 192.168.1.6 Port 80</address>

    [SERVER_SOFTWARE] => Apache/2.4.58 (Win64) OpenSSL/3.1.3 PHP/8.2.12
    [SERVER_NAME] => 192.168.1.6
    [SERVER_ADDR] => 192.168.1.6
    [SERVER_PORT] => 80
    [REMOTE_ADDR] => 192.168.1.4
    [DOCUMENT_ROOT] => C:/xampp/htdocs
    [REQUEST_SCHEME] => http
    [CONTEXT_PREFIX] => 
    [CONTEXT_DOCUMENT_ROOT] => C:/xampp/htdocs
    [SERVER_ADMIN] => postmaster@localhost
    [SCRIPT_FILENAME] => C:/xampp/htdocs/codekendra/api/upload_profile_pic.php
    [REMOTE_PORT] => 55026
    [GATEWAY_INTERFACE] => CGI/1.1
    [SERVER_PROTOCOL] => HTTP/1.1
    [REQUEST_METHOD] => POST
    [QUERY_STRING] => 
    [REQUEST_URI] => /codekendra/api/upload_profile_pic.php
    [SCRIPT_NAME] => /codekendra/api/upload_profile_pic.php
    [PHP_SELF] => /codekendra/api/upload_profile_pic.php
    [REQUEST_TIME_FLOAT] => 1753970764.0155
    [REQUEST_TIME] => 1753970764
)


=== UPLOAD DEBUG 2025-07-31 16:10:38 ===
POST: Array
(
    [uid] => 158
)

FILES: Array
(
    [profile_pic] => Array
        (
            [name] => profile_pic_1753971037530.jpg
            [full_path] => profile_pic_1753971037530.jpg
            [type] => image/jpeg
            [tmp_name] => C:\xampp\tmp\php6525.tmp
            [error] => 0
            [size] => 38848
        )

)

SERVER: Array
(
    [MIBDIRS] => C:/xampp/php/extras/mibs
    [MYSQL_HOME] => \xampp\mysql\bin
    [OPENSSL_CONF] => C:/xampp/apache/bin/openssl.cnf
    [PHP_PEAR_SYSCONF_DIR] => \xampp\php
    [PHPRC] => \xampp\php
    [TMP] => \xampp\tmp
    [CONTENT_TYPE] => multipart/form-data;boundary=apiclient-1753971037490
    [HTTP_USER_AGENT] => Dalvik/2.1.0 (Linux; U; Android 15; 2404ARN45A Build/AP3A.240905.015.A2)
    [HTTP_HOST] => 192.168.1.6
    [HTTP_CONNECTION] => Keep-Alive
    [HTTP_ACCEPT_ENCODING] => gzip
    [CONTENT_LENGTH] => 39182
    [PATH] => C:\Program Files\Common Files\Oracle\Java\javapath;C:\Users\HP\Downloads\jdk-23_windows-x64_bin\jdk-23.0.1\bin;C:\WINDOWS\system32;C:\WINDOWS;C:\WINDOWS\System32\Wbem;C:\WINDOWS\System32\WindowsPowerShell\v1.0\;C:\WINDOWS\System32\OpenSSH\;C:\Program Files\Java\jdk-23\bin;C:\Program Files\Git\cmd;C:\Program Files\nodejs\;C:\Users\HP\AppData\Local\Programs\Python\Python313\Scripts\;C:\Users\HP\AppData\Local\Programs\Python\Python313\;C:\Users\HP\AppData\Local\Programs\Python\Launcher\;C:\Users\HP\Downloads\jdk-23_windows-x64_bin\jdk-23.0.1\bin;C:\Users\HP\AppData\Local\Microsoft\WindowsApps;C:\Users\HP\AppData\Local\Programs\Microsoft VS Code\bin;C:\Program Files\JetBrains\IntelliJ IDEA Community Edition 2025.1\bin;;C:\Users\HP\AppData\Roaming\npm
    [SystemRoot] => C:\WINDOWS
    [COMSPEC] => C:\WINDOWS\system32\cmd.exe
    [PATHEXT] => .COM;.EXE;.BAT;.CMD;.VBS;.VBE;.JS;.JSE;.WSF;.WSH;.MSC
    [WINDIR] => C:\WINDOWS
    [SERVER_SIGNATURE] => <address>Apache/2.4.58 (Win64) OpenSSL/3.1.3 PHP/8.2.12 Server at 192.168.1.6 Port 80</address>

    [SERVER_SOFTWARE] => Apache/2.4.58 (Win64) OpenSSL/3.1.3 PHP/8.2.12
    [SERVER_NAME] => 192.168.1.6
    [SERVER_ADDR] => 192.168.1.6
    [SERVER_PORT] => 80
    [REMOTE_ADDR] => 192.168.1.4
    [DOCUMENT_ROOT] => C:/xampp/htdocs
    [REQUEST_SCHEME] => http
    [CONTEXT_PREFIX] => 
    [CONTEXT_DOCUMENT_ROOT] => C:/xampp/htdocs
    [SERVER_ADMIN] => postmaster@localhost
    [SCRIPT_FILENAME] => C:/xampp/htdocs/codekendra/api/upload_profile_pic.php
    [REMOTE_PORT] => 54966
    [GATEWAY_INTERFACE] => CGI/1.1
    [SERVER_PROTOCOL] => HTTP/1.1
    [REQUEST_METHOD] => POST
    [QUERY_STRING] => 
    [REQUEST_URI] => /codekendra/api/upload_profile_pic.php
    [SCRIPT_NAME] => /codekendra/api/upload_profile_pic.php
    [PHP_SELF] => /codekendra/api/upload_profile_pic.php
    [REQUEST_TIME_FLOAT] => 1753971038.2426
    [REQUEST_TIME] => 1753971038
)


=== UPLOAD DEBUG 2025-07-31 16:14:27 ===
POST: Array
(
)

FILES: Array
(
)

SERVER: Array
(
    [MIBDIRS] => C:/xampp/php/extras/mibs
    [MYSQL_HOME] => \xampp\mysql\bin
    [OPENSSL_CONF] => C:/xampp/apache/bin/openssl.cnf
    [PHP_PEAR_SYSCONF_DIR] => \xampp\php
    [PHPRC] => \xampp\php
    [TMP] => \xampp\tmp
    [HTTP_HOST] => 192.168.1.6
    [HTTP_CONNECTION] => keep-alive
    [HTTP_CACHE_CONTROL] => max-age=0
    [HTTP_UPGRADE_INSECURE_REQUESTS] => 1
    [HTTP_USER_AGENT] => Mozilla/5.0 (Windows NT 10.0; Win64; x64) AppleWebKit/537.36 (KHTML, like Gecko) Chrome/138.0.0.0 Safari/537.36
    [HTTP_ACCEPT] => text/html,application/xhtml+xml,application/xml;q=0.9,image/avif,image/webp,image/apng,*/*;q=0.8,application/signed-exchange;v=b3;q=0.7
    [HTTP_ACCEPT_ENCODING] => gzip, deflate
    [HTTP_ACCEPT_LANGUAGE] => en-US,en;q=0.9
    [PATH] => C:\Program Files\Common Files\Oracle\Java\javapath;C:\Users\HP\Downloads\jdk-23_windows-x64_bin\jdk-23.0.1\bin;C:\WINDOWS\system32;C:\WINDOWS;C:\WINDOWS\System32\Wbem;C:\WINDOWS\System32\WindowsPowerShell\v1.0\;C:\WINDOWS\System32\OpenSSH\;C:\Program Files\Java\jdk-23\bin;C:\Program Files\Git\cmd;C:\Program Files\nodejs\;C:\Users\HP\AppData\Local\Programs\Python\Python313\Scripts\;C:\Users\HP\AppData\Local\Programs\Python\Python313\;C:\Users\HP\AppData\Local\Programs\Python\Launcher\;C:\Users\HP\Downloads\jdk-23_windows-x64_bin\jdk-23.0.1\bin;C:\Users\HP\AppData\Local\Microsoft\WindowsApps;C:\Users\HP\AppData\Local\Programs\Microsoft VS Code\bin;C:\Program Files\JetBrains\IntelliJ IDEA Community Edition 2025.1\bin;;C:\Users\HP\AppData\Roaming\npm
    [SystemRoot] => C:\WINDOWS
    [COMSPEC] => C:\WINDOWS\system32\cmd.exe
    [PATHEXT] => .COM;.EXE;.BAT;.CMD;.VBS;.VBE;.JS;.JSE;.WSF;.WSH;.MSC
    [WINDIR] => C:\WINDOWS
    [SERVER_SIGNATURE] => <address>Apache/2.4.58 (Win64) OpenSSL/3.1.3 PHP/8.2.12 Server at 192.168.1.6 Port 80</address>

    [SERVER_SOFTWARE] => Apache/2.4.58 (Win64) OpenSSL/3.1.3 PHP/8.2.12
    [SERVER_NAME] => 192.168.1.6
    [SERVER_ADDR] => 192.168.1.6
    [SERVER_PORT] => 80
    [REMOTE_ADDR] => 192.168.1.6
    [DOCUMENT_ROOT] => C:/xampp/htdocs
    [REQUEST_SCHEME] => http
    [CONTEXT_PREFIX] => 
    [CONTEXT_DOCUMENT_ROOT] => C:/xampp/htdocs
    [SERVER_ADMIN] => postmaster@localhost
    [SCRIPT_FILENAME] => C:/xampp/htdocs/codekendra/api/upload_profile_pic.php
    [REMOTE_PORT] => 59736
    [GATEWAY_INTERFACE] => CGI/1.1
    [SERVER_PROTOCOL] => HTTP/1.1
    [REQUEST_METHOD] => GET
    [QUERY_STRING] => 
    [REQUEST_URI] => /codekendra/api/upload_profile_pic.php
    [SCRIPT_NAME] => /codekendra/api/upload_profile_pic.php
    [PHP_SELF] => /codekendra/api/upload_profile_pic.php
    [REQUEST_TIME_FLOAT] => 1753971267.314
    [REQUEST_TIME] => 1753971267
)


=== UPLOAD DEBUG 2025-07-31 19:18:31 ===
POST: Array
(
    [uid] => 158
)

FILES: Array
(
    [profile_pic] => Array
        (
            [name] => profile_pic_1753982310767.jpg
            [full_path] => profile_pic_1753982310767.jpg
            [type] => image/jpeg
            [tmp_name] => C:\xampp\tmp\php6842.tmp
            [error] => 0
            [size] => 10677
        )

)

SERVER: Array
(
    [MIBDIRS] => C:/xampp/php/extras/mibs
    [MYSQL_HOME] => \xampp\mysql\bin
    [OPENSSL_CONF] => C:/xampp/apache/bin/openssl.cnf
    [PHP_PEAR_SYSCONF_DIR] => \xampp\php
    [PHPRC] => \xampp\php
    [TMP] => \xampp\tmp
    [CONTENT_TYPE] => multipart/form-data;boundary=apiclient-1753982310735
    [HTTP_USER_AGENT] => Dalvik/2.1.0 (Linux; U; Android 15; 2404ARN45A Build/AP3A.240905.015.A2)
    [HTTP_HOST] => 192.168.1.6
    [HTTP_CONNECTION] => Keep-Alive
    [HTTP_ACCEPT_ENCODING] => gzip
    [CONTENT_LENGTH] => 11011
    [PATH] => C:\Program Files\Common Files\Oracle\Java\javapath;C:\Users\HP\Downloads\jdk-23_windows-x64_bin\jdk-23.0.1\bin;C:\WINDOWS\system32;C:\WINDOWS;C:\WINDOWS\System32\Wbem;C:\WINDOWS\System32\WindowsPowerShell\v1.0\;C:\WINDOWS\System32\OpenSSH\;C:\Program Files\Java\jdk-23\bin;C:\Program Files\Git\cmd;C:\Program Files\nodejs\;C:\Users\HP\AppData\Local\Programs\Python\Python313\Scripts\;C:\Users\HP\AppData\Local\Programs\Python\Python313\;C:\Users\HP\AppData\Local\Programs\Python\Launcher\;C:\Users\HP\Downloads\jdk-23_windows-x64_bin\jdk-23.0.1\bin;C:\Users\HP\AppData\Local\Microsoft\WindowsApps;C:\Users\HP\AppData\Local\Programs\Microsoft VS Code\bin;C:\Program Files\JetBrains\IntelliJ IDEA Community Edition 2025.1\bin;;C:\Users\HP\AppData\Roaming\npm
    [SystemRoot] => C:\WINDOWS
    [COMSPEC] => C:\WINDOWS\system32\cmd.exe
    [PATHEXT] => .COM;.EXE;.BAT;.CMD;.VBS;.VBE;.JS;.JSE;.WSF;.WSH;.MSC
    [WINDIR] => C:\WINDOWS
    [SERVER_SIGNATURE] => <address>Apache/2.4.58 (Win64) OpenSSL/3.1.3 PHP/8.2.12 Server at 192.168.1.6 Port 80</address>

    [SERVER_SOFTWARE] => Apache/2.4.58 (Win64) OpenSSL/3.1.3 PHP/8.2.12
    [SERVER_NAME] => 192.168.1.6
    [SERVER_ADDR] => 192.168.1.6
    [SERVER_PORT] => 80
    [REMOTE_ADDR] => 192.168.1.4
    [DOCUMENT_ROOT] => C:/xampp/htdocs
    [REQUEST_SCHEME] => http
    [CONTEXT_PREFIX] => 
    [CONTEXT_DOCUMENT_ROOT] => C:/xampp/htdocs
    [SERVER_ADMIN] => postmaster@localhost
    [SCRIPT_FILENAME] => C:/xampp/htdocs/codekendra/api/upload_profile_pic.php
    [REMOTE_PORT] => 38446
    [GATEWAY_INTERFACE] => CGI/1.1
    [SERVER_PROTOCOL] => HTTP/1.1
    [REQUEST_METHOD] => POST
    [QUERY_STRING] => 
    [REQUEST_URI] => /codekendra/api/upload_profile_pic.php
    [SCRIPT_NAME] => /codekendra/api/upload_profile_pic.php
    [PHP_SELF] => /codekendra/api/upload_profile_pic.php
    [REQUEST_TIME_FLOAT] => 1753982311.2137
    [REQUEST_TIME] => 1753982311
)


=== UPLOAD DEBUG 2025-08-01 02:36:04 ===
POST: Array
(
    [uid] => 155
)

FILES: Array
(
    [profile_pic] => Array
        (
            [name] => profile_pic_1754008563347.jpg
            [full_path] => profile_pic_1754008563347.jpg
            [type] => image/jpeg
            [tmp_name] => C:\xampp\tmp\php1FEE.tmp
            [error] => 0
            [size] => 12517
        )

)

SERVER: Array
(
    [MIBDIRS] => C:/xampp/php/extras/mibs
    [MYSQL_HOME] => \xampp\mysql\bin
    [OPENSSL_CONF] => C:/xampp/apache/bin/openssl.cnf
    [PHP_PEAR_SYSCONF_DIR] => \xampp\php
    [PHPRC] => \xampp\php
    [TMP] => \xampp\tmp
    [CONTENT_TYPE] => multipart/form-data;boundary=apiclient-1754008563307
    [HTTP_USER_AGENT] => Dalvik/2.1.0 (Linux; U; Android 15; 2404ARN45A Build/AP3A.240905.015.A2)
    [HTTP_HOST] => 192.168.1.17
    [HTTP_CONNECTION] => Keep-Alive
    [HTTP_ACCEPT_ENCODING] => gzip
    [CONTENT_LENGTH] => 12851
    [PATH] => C:\Program Files\Common Files\Oracle\Java\javapath;C:\Users\HP\Downloads\jdk-23_windows-x64_bin\jdk-23.0.1\bin;C:\WINDOWS\system32;C:\WINDOWS;C:\WINDOWS\System32\Wbem;C:\WINDOWS\System32\WindowsPowerShell\v1.0\;C:\WINDOWS\System32\OpenSSH\;C:\Program Files\Java\jdk-23\bin;C:\Program Files\Git\cmd;C:\Program Files\nodejs\;C:\Users\HP\AppData\Local\Programs\Python\Python313\Scripts\;C:\Users\HP\AppData\Local\Programs\Python\Python313\;C:\Users\HP\AppData\Local\Programs\Python\Launcher\;C:\Users\HP\Downloads\jdk-23_windows-x64_bin\jdk-23.0.1\bin;C:\Users\HP\AppData\Local\Microsoft\WindowsApps;C:\Users\HP\AppData\Local\Programs\Microsoft VS Code\bin;C:\Program Files\JetBrains\IntelliJ IDEA Community Edition 2025.1\bin;;C:\Users\HP\AppData\Roaming\npm
    [SystemRoot] => C:\WINDOWS
    [COMSPEC] => C:\WINDOWS\system32\cmd.exe
    [PATHEXT] => .COM;.EXE;.BAT;.CMD;.VBS;.VBE;.JS;.JSE;.WSF;.WSH;.MSC
    [WINDIR] => C:\WINDOWS
    [SERVER_SIGNATURE] => <address>Apache/2.4.58 (Win64) OpenSSL/3.1.3 PHP/8.2.12 Server at 192.168.1.17 Port 80</address>

    [SERVER_SOFTWARE] => Apache/2.4.58 (Win64) OpenSSL/3.1.3 PHP/8.2.12
    [SERVER_NAME] => 192.168.1.17
    [SERVER_ADDR] => 192.168.1.17
    [SERVER_PORT] => 80
    [REMOTE_ADDR] => 192.168.1.12
    [DOCUMENT_ROOT] => C:/xampp/htdocs
    [REQUEST_SCHEME] => http
    [CONTEXT_PREFIX] => 
    [CONTEXT_DOCUMENT_ROOT] => C:/xampp/htdocs
    [SERVER_ADMIN] => postmaster@localhost
    [SCRIPT_FILENAME] => C:/xampp/htdocs/codekendra/api/upload_profile_pic.php
    [REMOTE_PORT] => 34472
    [GATEWAY_INTERFACE] => CGI/1.1
    [SERVER_PROTOCOL] => HTTP/1.1
    [REQUEST_METHOD] => POST
    [QUERY_STRING] => 
    [REQUEST_URI] => /codekendra/api/upload_profile_pic.php
    [SCRIPT_NAME] => /codekendra/api/upload_profile_pic.php
    [PHP_SELF] => /codekendra/api/upload_profile_pic.php
    [REQUEST_TIME_FLOAT] => 1754008564.049
    [REQUEST_TIME] => 1754008564
)


=== UPLOAD DEBUG 2025-08-01 11:17:02 ===
POST: Array
(
    [uid] => 157
)

FILES: Array
(
    [profile_pic] => Array
        (
            [name] => profile_pic_1754039820383.jpg
            [type] => image/jpeg
            [tmp_name] => D:\xampp\tmp\php62F7.tmp
            [error] => 0
            [size] => 991054
        )

)

SERVER: Array
(
    [MIBDIRS] => D:/xampp/php/extras/mibs
    [MYSQL_HOME] => \xampp\mysql\bin
    [OPENSSL_CONF] => D:/xampp/apache/bin/openssl.cnf
    [PHP_PEAR_SYSCONF_DIR] => \xampp\php
    [PHPRC] => \xampp\php
    [TMP] => \xampp\tmp
    [CONTENT_TYPE] => multipart/form-data;boundary=apiclient-1754039820377
    [HTTP_USER_AGENT] => Dalvik/2.1.0 (Linux; U; Android 15; 23106RN0DA Build/AP3A.240905.015.A2)
    [HTTP_HOST] => 192.168.101.2
    [HTTP_CONNECTION] => Keep-Alive
    [HTTP_ACCEPT_ENCODING] => gzip
    [CONTENT_LENGTH] => 991388
    [PATH] => C:\Program Files\Common Files\Oracle\Java\javapath;C:\WINDOWS\system32;C:\WINDOWS;C:\WINDOWS\System32\Wbem;C:\WINDOWS\System32\WindowsPowerShell\v1.0\;C:\WINDOWS\System32\OpenSSH\;C:\Program Files\Git\cmd;C:\Program Files\nodejs\;c:\Users\sabin\AppData\Local\Programs\cursor\resources\app\bin;C:\Users\sabin\AppData\Local\Programs\Python\Launcher\;C:\Users\sabin\AppData\Local\Microsoft\WindowsApps;C:\Users\sabin\AppData\Roaming\npm;C:\Program Files\Java\jdk-24\bin;C:\Users\sabin\AppData\Local\Programs\cursor\resources\app\bin
    [SystemRoot] => C:\WINDOWS
    [COMSPEC] => C:\WINDOWS\system32\cmd.exe
    [PATHEXT] => .COM;.EXE;.BAT;.CMD;.VBS;.VBE;.JS;.JSE;.WSF;.WSH;.MSC
    [WINDIR] => C:\WINDOWS
    [SERVER_SIGNATURE] => <address>Apache/2.4.58 (Win64) OpenSSL/3.1.3 PHP/8.0.30 Server at 192.168.101.2 Port 80</address>

    [SERVER_SOFTWARE] => Apache/2.4.58 (Win64) OpenSSL/3.1.3 PHP/8.0.30
    [SERVER_NAME] => 192.168.101.2
    [SERVER_ADDR] => 192.168.101.2
    [SERVER_PORT] => 80
    [REMOTE_ADDR] => 192.168.101.3
    [DOCUMENT_ROOT] => D:/xampp/htdocs
    [REQUEST_SCHEME] => http
    [CONTEXT_PREFIX] => 
    [CONTEXT_DOCUMENT_ROOT] => D:/xampp/htdocs
    [SERVER_ADMIN] => postmaster@localhost
    [SCRIPT_FILENAME] => D:/xampp/htdocs/codekendra/api/upload_profile_pic.php
    [REMOTE_PORT] => 38446
    [GATEWAY_INTERFACE] => CGI/1.1
    [SERVER_PROTOCOL] => HTTP/1.1
    [REQUEST_METHOD] => POST
    [QUERY_STRING] => 
    [REQUEST_URI] => /codekendra/api/upload_profile_pic.php
    [SCRIPT_NAME] => /codekendra/api/upload_profile_pic.php
    [PHP_SELF] => /codekendra/api/upload_profile_pic.php
    [REQUEST_TIME_FLOAT] => 1754039822.1307
    [REQUEST_TIME] => 1754039822
)


=== UPLOAD DEBUG 2025-08-02 17:06:00 ===
POST: Array
(
    [uid] => 156
)

FILES: Array
(
    [profile_pic] => Array
        (
            [name] => profile_pic_1754147159720.jpg
            [full_path] => profile_pic_1754147159720.jpg
            [type] => image/jpeg
            [tmp_name] => C:\xampp\tmp\phpBF71.tmp
            [error] => 0
            [size] => 12517
        )

)

SERVER: Array
(
    [MIBDIRS] => C:/xampp/php/extras/mibs
    [MYSQL_HOME] => \xampp\mysql\bin
    [OPENSSL_CONF] => C:/xampp/apache/bin/openssl.cnf
    [PHP_PEAR_SYSCONF_DIR] => \xampp\php
    [PHPRC] => \xampp\php
    [TMP] => \xampp\tmp
    [CONTENT_TYPE] => multipart/form-data;boundary=apiclient-1754147159705
    [HTTP_USER_AGENT] => Dalvik/2.1.0 (Linux; U; Android 15; 2404ARN45A Build/AP3A.240905.015.A2)
    [HTTP_HOST] => 192.168.1.3
    [HTTP_CONNECTION] => Keep-Alive
    [HTTP_ACCEPT_ENCODING] => gzip
    [CONTENT_LENGTH] => 12851
    [PATH] => C:\Program Files\Common Files\Oracle\Java\javapath;C:\Users\HP\Downloads\jdk-23_windows-x64_bin\jdk-23.0.1\bin;C:\WINDOWS\system32;C:\WINDOWS;C:\WINDOWS\System32\Wbem;C:\WINDOWS\System32\WindowsPowerShell\v1.0\;C:\WINDOWS\System32\OpenSSH\;C:\Program Files\Java\jdk-23\bin;C:\Program Files\Git\cmd;C:\Program Files\nodejs\;C:\Users\HP\AppData\Local\Programs\Python\Python313\Scripts\;C:\Users\HP\AppData\Local\Programs\Python\Python313\;C:\Users\HP\AppData\Local\Programs\Python\Launcher\;C:\Users\HP\Downloads\jdk-23_windows-x64_bin\jdk-23.0.1\bin;C:\Users\HP\AppData\Local\Microsoft\WindowsApps;C:\Users\HP\AppData\Local\Programs\Microsoft VS Code\bin;C:\Program Files\JetBrains\IntelliJ IDEA Community Edition 2025.1\bin;;C:\Users\HP\AppData\Roaming\npm
    [SystemRoot] => C:\WINDOWS
    [COMSPEC] => C:\WINDOWS\system32\cmd.exe
    [PATHEXT] => .COM;.EXE;.BAT;.CMD;.VBS;.VBE;.JS;.JSE;.WSF;.WSH;.MSC
    [WINDIR] => C:\WINDOWS
    [SERVER_SIGNATURE] => <address>Apache/2.4.58 (Win64) OpenSSL/3.1.3 PHP/8.2.12 Server at 192.168.1.3 Port 80</address>

    [SERVER_SOFTWARE] => Apache/2.4.58 (Win64) OpenSSL/3.1.3 PHP/8.2.12
    [SERVER_NAME] => 192.168.1.3
    [SERVER_ADDR] => 192.168.1.3
    [SERVER_PORT] => 80
    [REMOTE_ADDR] => 192.168.1.2
    [DOCUMENT_ROOT] => C:/xampp/htdocs
    [REQUEST_SCHEME] => http
    [CONTEXT_PREFIX] => 
    [CONTEXT_DOCUMENT_ROOT] => C:/xampp/htdocs
    [SERVER_ADMIN] => postmaster@localhost
    [SCRIPT_FILENAME] => C:/xampp/htdocs/codekendra/api/upload_profile_pic.php
    [REMOTE_PORT] => 47852
    [GATEWAY_INTERFACE] => CGI/1.1
    [SERVER_PROTOCOL] => HTTP/1.1
    [REQUEST_METHOD] => POST
    [QUERY_STRING] => 
    [REQUEST_URI] => /codekendra/api/upload_profile_pic.php
    [SCRIPT_NAME] => /codekendra/api/upload_profile_pic.php
    [PHP_SELF] => /codekendra/api/upload_profile_pic.php
    [REQUEST_TIME_FLOAT] => 1754147160.2231
    [REQUEST_TIME] => 1754147160
)


=== UPLOAD DEBUG 2025-08-05 16:11:17 ===
POST: Array
(
    [uid] => 159
)

FILES: Array
(
    [profile_pic] => Array
        (
            [name] => profile_pic_1754403076912.jpg
            [full_path] => profile_pic_1754403076912.jpg
            [type] => image/jpeg
            [tmp_name] => C:\xampp\tmp\php7E7B.tmp
            [error] => 0
            [size] => 25763
        )

)

SERVER: Array
(
    [MIBDIRS] => C:/xampp/php/extras/mibs
    [MYSQL_HOME] => \xampp\mysql\bin
    [OPENSSL_CONF] => C:/xampp/apache/bin/openssl.cnf
    [PHP_PEAR_SYSCONF_DIR] => \xampp\php
    [PHPRC] => \xampp\php
    [TMP] => \xampp\tmp
    [CONTENT_TYPE] => multipart/form-data;boundary=apiclient-1754403076887
    [HTTP_USER_AGENT] => Dalvik/2.1.0 (Linux; U; Android 15; 2404ARN45A Build/AP3A.240905.015.A2)
    [HTTP_HOST] => 192.168.1.3
    [HTTP_CONNECTION] => Keep-Alive
    [HTTP_ACCEPT_ENCODING] => gzip
    [CONTENT_LENGTH] => 26097
    [PATH] => C:\Program Files\Common Files\Oracle\Java\javapath;C:\Users\HP\Downloads\jdk-23_windows-x64_bin\jdk-23.0.1\bin;C:\WINDOWS\system32;C:\WINDOWS;C:\WINDOWS\System32\Wbem;C:\WINDOWS\System32\WindowsPowerShell\v1.0\;C:\WINDOWS\System32\OpenSSH\;C:\Program Files\Java\jdk-23\bin;C:\Program Files\Git\cmd;C:\Program Files\nodejs\;C:\Users\HP\AppData\Local\Programs\Python\Python313\Scripts\;C:\Users\HP\AppData\Local\Programs\Python\Python313\;C:\Users\HP\AppData\Local\Programs\Python\Launcher\;C:\Users\HP\Downloads\jdk-23_windows-x64_bin\jdk-23.0.1\bin;C:\Users\HP\AppData\Local\Microsoft\WindowsApps;C:\Users\HP\AppData\Local\Programs\Microsoft VS Code\bin;C:\Program Files\JetBrains\IntelliJ IDEA Community Edition 2025.1\bin;;C:\Users\HP\AppData\Roaming\npm
    [SystemRoot] => C:\WINDOWS
    [COMSPEC] => C:\WINDOWS\system32\cmd.exe
    [PATHEXT] => .COM;.EXE;.BAT;.CMD;.VBS;.VBE;.JS;.JSE;.WSF;.WSH;.MSC
    [WINDIR] => C:\WINDOWS
    [SERVER_SIGNATURE] => <address>Apache/2.4.58 (Win64) OpenSSL/3.1.3 PHP/8.2.12 Server at 192.168.1.3 Port 80</address>

    [SERVER_SOFTWARE] => Apache/2.4.58 (Win64) OpenSSL/3.1.3 PHP/8.2.12
    [SERVER_NAME] => 192.168.1.3
    [SERVER_ADDR] => 192.168.1.3
    [SERVER_PORT] => 80
    [REMOTE_ADDR] => 192.168.1.6
    [DOCUMENT_ROOT] => C:/xampp/htdocs
    [REQUEST_SCHEME] => http
    [CONTEXT_PREFIX] => 
    [CONTEXT_DOCUMENT_ROOT] => C:/xampp/htdocs
    [SERVER_ADMIN] => postmaster@localhost
    [SCRIPT_FILENAME] => C:/xampp/htdocs/codekendra/api/upload_profile_pic.php
    [REMOTE_PORT] => 57278
    [GATEWAY_INTERFACE] => CGI/1.1
    [SERVER_PROTOCOL] => HTTP/1.1
    [REQUEST_METHOD] => POST
    [QUERY_STRING] => 
    [REQUEST_URI] => /codekendra/api/upload_profile_pic.php
    [SCRIPT_NAME] => /codekendra/api/upload_profile_pic.php
    [PHP_SELF] => /codekendra/api/upload_profile_pic.php
    [REQUEST_TIME_FLOAT] => 1754403077.6638
    [REQUEST_TIME] => 1754403077
)


=== UPLOAD DEBUG 2025-08-05 17:04:50 ===
POST: Array
(
    [uid] => 159
)

FILES: Array
(
    [profile_pic] => Array
        (
            [name] => profile_pic_1754406290183.jpg
            [full_path] => profile_pic_1754406290183.jpg
            [type] => image/jpeg
            [tmp_name] => C:\xampp\tmp\php861F.tmp
            [error] => 0
            [size] => 26270
        )

)

SERVER: Array
(
    [MIBDIRS] => C:/xampp/php/extras/mibs
    [MYSQL_HOME] => \xampp\mysql\bin
    [OPENSSL_CONF] => C:/xampp/apache/bin/openssl.cnf
    [PHP_PEAR_SYSCONF_DIR] => \xampp\php
    [PHPRC] => \xampp\php
    [TMP] => \xampp\tmp
    [CONTENT_TYPE] => multipart/form-data;boundary=apiclient-1754406290149
    [HTTP_USER_AGENT] => Dalvik/2.1.0 (Linux; U; Android 15; 2404ARN45A Build/AP3A.240905.015.A2)
    [HTTP_HOST] => 192.168.1.3
    [HTTP_CONNECTION] => Keep-Alive
    [HTTP_ACCEPT_ENCODING] => gzip
    [CONTENT_LENGTH] => 26604
    [PATH] => C:\Program Files\Common Files\Oracle\Java\javapath;C:\Users\HP\Downloads\jdk-23_windows-x64_bin\jdk-23.0.1\bin;C:\WINDOWS\system32;C:\WINDOWS;C:\WINDOWS\System32\Wbem;C:\WINDOWS\System32\WindowsPowerShell\v1.0\;C:\WINDOWS\System32\OpenSSH\;C:\Program Files\Java\jdk-23\bin;C:\Program Files\Git\cmd;C:\Program Files\nodejs\;C:\Users\HP\AppData\Local\Programs\Python\Python313\Scripts\;C:\Users\HP\AppData\Local\Programs\Python\Python313\;C:\Users\HP\AppData\Local\Programs\Python\Launcher\;C:\Users\HP\Downloads\jdk-23_windows-x64_bin\jdk-23.0.1\bin;C:\Users\HP\AppData\Local\Microsoft\WindowsApps;C:\Users\HP\AppData\Local\Programs\Microsoft VS Code\bin;C:\Program Files\JetBrains\IntelliJ IDEA Community Edition 2025.1\bin;;C:\Users\HP\AppData\Roaming\npm
    [SystemRoot] => C:\WINDOWS
    [COMSPEC] => C:\WINDOWS\system32\cmd.exe
    [PATHEXT] => .COM;.EXE;.BAT;.CMD;.VBS;.VBE;.JS;.JSE;.WSF;.WSH;.MSC
    [WINDIR] => C:\WINDOWS
    [SERVER_SIGNATURE] => <address>Apache/2.4.58 (Win64) OpenSSL/3.1.3 PHP/8.2.12 Server at 192.168.1.3 Port 80</address>

    [SERVER_SOFTWARE] => Apache/2.4.58 (Win64) OpenSSL/3.1.3 PHP/8.2.12
    [SERVER_NAME] => 192.168.1.3
    [SERVER_ADDR] => 192.168.1.3
    [SERVER_PORT] => 80
    [REMOTE_ADDR] => 192.168.1.6
    [DOCUMENT_ROOT] => C:/xampp/htdocs
    [REQUEST_SCHEME] => http
    [CONTEXT_PREFIX] => 
    [CONTEXT_DOCUMENT_ROOT] => C:/xampp/htdocs
    [SERVER_ADMIN] => postmaster@localhost
    [SCRIPT_FILENAME] => C:/xampp/htdocs/codekendra/api/upload_profile_pic.php
    [REMOTE_PORT] => 42752
    [GATEWAY_INTERFACE] => CGI/1.1
    [SERVER_PROTOCOL] => HTTP/1.1
    [REQUEST_METHOD] => POST
    [QUERY_STRING] => 
    [REQUEST_URI] => /codekendra/api/upload_profile_pic.php
    [SCRIPT_NAME] => /codekendra/api/upload_profile_pic.php
    [PHP_SELF] => /codekendra/api/upload_profile_pic.php
    [REQUEST_TIME_FLOAT] => 1754406290.884
    [REQUEST_TIME] => 1754406290
)


=== UPLOAD DEBUG 2025-08-05 17:10:01 ===
POST: Array
(
    [uid] => 159
)

FILES: Array
(
    [profile_pic] => Array
        (
            [name] => profile_pic_1754406598685.jpg
            [full_path] => profile_pic_1754406598685.jpg
            [type] => image/jpeg
            [tmp_name] => C:\xampp\tmp\php3E8F.tmp
            [error] => 0
            [size] => 26969
        )

)

SERVER: Array
(
    [MIBDIRS] => C:/xampp/php/extras/mibs
    [MYSQL_HOME] => \xampp\mysql\bin
    [OPENSSL_CONF] => C:/xampp/apache/bin/openssl.cnf
    [PHP_PEAR_SYSCONF_DIR] => \xampp\php
    [PHPRC] => \xampp\php
    [TMP] => \xampp\tmp
    [CONTENT_TYPE] => multipart/form-data;boundary=apiclient-1754406598652
    [HTTP_USER_AGENT] => Dalvik/2.1.0 (Linux; U; Android 15; 2404ARN45A Build/AP3A.240905.015.A2)
    [HTTP_HOST] => 192.168.1.3
    [HTTP_CONNECTION] => Keep-Alive
    [HTTP_ACCEPT_ENCODING] => gzip
    [CONTENT_LENGTH] => 27303
    [PATH] => C:\Program Files\Common Files\Oracle\Java\javapath;C:\Users\HP\Downloads\jdk-23_windows-x64_bin\jdk-23.0.1\bin;C:\WINDOWS\system32;C:\WINDOWS;C:\WINDOWS\System32\Wbem;C:\WINDOWS\System32\WindowsPowerShell\v1.0\;C:\WINDOWS\System32\OpenSSH\;C:\Program Files\Java\jdk-23\bin;C:\Program Files\Git\cmd;C:\Program Files\nodejs\;C:\Users\HP\AppData\Local\Programs\Python\Python313\Scripts\;C:\Users\HP\AppData\Local\Programs\Python\Python313\;C:\Users\HP\AppData\Local\Programs\Python\Launcher\;C:\Users\HP\Downloads\jdk-23_windows-x64_bin\jdk-23.0.1\bin;C:\Users\HP\AppData\Local\Microsoft\WindowsApps;C:\Users\HP\AppData\Local\Programs\Microsoft VS Code\bin;C:\Program Files\JetBrains\IntelliJ IDEA Community Edition 2025.1\bin;;C:\Users\HP\AppData\Roaming\npm
    [SystemRoot] => C:\WINDOWS
    [COMSPEC] => C:\WINDOWS\system32\cmd.exe
    [PATHEXT] => .COM;.EXE;.BAT;.CMD;.VBS;.VBE;.JS;.JSE;.WSF;.WSH;.MSC
    [WINDIR] => C:\WINDOWS
    [SERVER_SIGNATURE] => <address>Apache/2.4.58 (Win64) OpenSSL/3.1.3 PHP/8.2.12 Server at 192.168.1.3 Port 80</address>

    [SERVER_SOFTWARE] => Apache/2.4.58 (Win64) OpenSSL/3.1.3 PHP/8.2.12
    [SERVER_NAME] => 192.168.1.3
    [SERVER_ADDR] => 192.168.1.3
    [SERVER_PORT] => 80
    [REMOTE_ADDR] => 192.168.1.6
    [DOCUMENT_ROOT] => C:/xampp/htdocs
    [REQUEST_SCHEME] => http
    [CONTEXT_PREFIX] => 
    [CONTEXT_DOCUMENT_ROOT] => C:/xampp/htdocs
    [SERVER_ADMIN] => postmaster@localhost
    [SCRIPT_FILENAME] => C:/xampp/htdocs/codekendra/api/upload_profile_pic.php
    [REMOTE_PORT] => 36684
    [GATEWAY_INTERFACE] => CGI/1.1
    [SERVER_PROTOCOL] => HTTP/1.1
    [REQUEST_METHOD] => POST
    [QUERY_STRING] => 
    [REQUEST_URI] => /codekendra/api/upload_profile_pic.php
    [SCRIPT_NAME] => /codekendra/api/upload_profile_pic.php
    [PHP_SELF] => /codekendra/api/upload_profile_pic.php
    [REQUEST_TIME_FLOAT] => 1754406600.2305
    [REQUEST_TIME] => 1754406600
)


