[24-Aug-2025 13:34:03 Europe/Berlin] PHP Warning:  require_once(db.php): Failed to open stream: No such file or directory in C:\xampp\htdocs\codekendra\api\test_api.php on line 16
[24-Aug-2025 13:34:03 Europe/Berlin] PHP Fatal error:  Uncaught Error: Failed opening required 'db.php' (include_path='C:\xampp\php\PEAR') in C:\xampp\htdocs\codekendra\api\test_api.php:16
Stack trace:
#0 {main}
  thrown in C:\xampp\htdocs\codekendra\api\test_api.php on line 16
[24-Aug-2025 13:34:05 Europe/Berlin] PHP Warning:  require_once(db.php): Failed to open stream: No such file or directory in C:\xampp\htdocs\codekendra\api\test_api.php on line 16
[24-Aug-2025 13:34:05 Europe/Berlin] PHP Fatal error:  Uncaught Error: Failed opening required 'db.php' (include_path='C:\xampp\php\PEAR') in C:\xampp\htdocs\codekendra\api\test_api.php:16
Stack trace:
#0 {main}
  thrown in C:\xampp\htdocs\codekendra\api\test_api.php on line 16
[24-Aug-2025 13:34:06 Europe/Berlin] PHP Warning:  require_once(db.php): Failed to open stream: No such file or directory in C:\xampp\htdocs\codekendra\api\test_api.php on line 16
[24-Aug-2025 13:34:06 Europe/Berlin] PHP Fatal error:  Uncaught Error: Failed opening required 'db.php' (include_path='C:\xampp\php\PEAR') in C:\xampp\htdocs\codekendra\api\test_api.php:16
Stack trace:
#0 {main}
  thrown in C:\xampp\htdocs\codekendra\api\test_api.php on line 16
[24-Aug-2025 13:34:06 Europe/Berlin] PHP Warning:  require_once(db.php): Failed to open stream: No such file or directory in C:\xampp\htdocs\codekendra\api\test_api.php on line 16
[24-Aug-2025 13:34:06 Europe/Berlin] PHP Fatal error:  Uncaught Error: Failed opening required 'db.php' (include_path='C:\xampp\php\PEAR') in C:\xampp\htdocs\codekendra\api\test_api.php:16
Stack trace:
#0 {main}
  thrown in C:\xampp\htdocs\codekendra\api\test_api.php on line 16
[24-Aug-2025 13:34:06 Europe/Berlin] PHP Warning:  require_once(db.php): Failed to open stream: No such file or directory in C:\xampp\htdocs\codekendra\api\test_api.php on line 16
[24-Aug-2025 13:34:06 Europe/Berlin] PHP Fatal error:  Uncaught Error: Failed opening required 'db.php' (include_path='C:\xampp\php\PEAR') in C:\xampp\htdocs\codekendra\api\test_api.php:16
Stack trace:
#0 {main}
  thrown in C:\xampp\htdocs\codekendra\api\test_api.php on line 16
[24-Aug-2025 13:34:30 Europe/Berlin] PHP Warning:  require_once(db.php): Failed to open stream: No such file or directory in C:\xampp\htdocs\codekendra\api\test_api.php on line 16
[24-Aug-2025 13:34:30 Europe/Berlin] PHP Fatal error:  Uncaught Error: Failed opening required 'db.php' (include_path='C:\xampp\php\PEAR') in C:\xampp\htdocs\codekendra\api\test_api.php:16
Stack trace:
#0 {main}
  thrown in C:\xampp\htdocs\codekendra\api\test_api.php on line 16
[24-Aug-2025 13:37:47 Europe/Berlin] get_messages.php called with POST data: to_user_id=161&from_user_id=160&
[24-Aug-2025 13:37:48 Europe/Berlin] From user ID: 160, To user ID: 161
[24-Aug-2025 13:37:53 Europe/Berlin] get_chat_list.php called with POST data: {"user_id":"160"}
[24-Aug-2025 13:37:53 Europe/Berlin] User ID: 0
[24-Aug-2025 13:37:53 Europe/Berlin] Error in get_chat_list.php: Missing user ID
[24-Aug-2025 13:44:44 Europe/Berlin] PHP Warning:  include(C:\xampp\htdocs\codekendra\api/db.php): Failed to open stream: No such file or directory in C:\xampp\htdocs\codekendra\api\get_chat_list.php on line 15
[24-Aug-2025 13:44:44 Europe/Berlin] PHP Warning:  include(): Failed opening 'C:\xampp\htdocs\codekendra\api/db.php' for inclusion (include_path='C:\xampp\php\PEAR') in C:\xampp\htdocs\codekendra\api\get_chat_list.php on line 15
[24-Aug-2025 13:44:44 Europe/Berlin] PHP Fatal error:  Uncaught Error: Call to undefined function getDbConnection() in C:\xampp\htdocs\codekendra\api\get_chat_list.php:19
Stack trace:
#0 {main}
  thrown in C:\xampp\htdocs\codekendra\api\get_chat_list.php on line 19
[24-Aug-2025 13:44:55 Europe/Berlin] PHP Warning:  include(C:\xampp\htdocs\codekendra\api/db.php): Failed to open stream: No such file or directory in C:\xampp\htdocs\codekendra\api\get_messages.php on line 15
[24-Aug-2025 13:44:55 Europe/Berlin] PHP Warning:  include(): Failed opening 'C:\xampp\htdocs\codekendra\api/db.php' for inclusion (include_path='C:\xampp\php\PEAR') in C:\xampp\htdocs\codekendra\api\get_messages.php on line 15
[24-Aug-2025 13:44:55 Europe/Berlin] PHP Fatal error:  Uncaught Error: Call to undefined function getDbConnection() in C:\xampp\htdocs\codekendra\api\get_messages.php:19
Stack trace:
#0 {main}
  thrown in C:\xampp\htdocs\codekendra\api\get_messages.php on line 19
[24-Aug-2025 13:45:24 Europe/Berlin] PHP Warning:  include(C:\xampp\htdocs\codekendra\api/db.php): Failed to open stream: No such file or directory in C:\xampp\htdocs\codekendra\api\get_messages.php on line 15
[24-Aug-2025 13:45:24 Europe/Berlin] PHP Warning:  include(): Failed opening 'C:\xampp\htdocs\codekendra\api/db.php' for inclusion (include_path='C:\xampp\php\PEAR') in C:\xampp\htdocs\codekendra\api\get_messages.php on line 15
[24-Aug-2025 13:45:24 Europe/Berlin] PHP Fatal error:  Uncaught Error: Call to undefined function getDbConnection() in C:\xampp\htdocs\codekendra\api\get_messages.php:19
Stack trace:
#0 {main}
  thrown in C:\xampp\htdocs\codekendra\api\get_messages.php on line 19
[24-Aug-2025 13:47:05 Europe/Berlin] PHP Warning:  include(C:\xampp\htdocs\codekendra\api/db.php): Failed to open stream: No such file or directory in C:\xampp\htdocs\codekendra\api\send_message.php on line 15
[24-Aug-2025 13:47:05 Europe/Berlin] PHP Warning:  include(): Failed opening 'C:\xampp\htdocs\codekendra\api/db.php' for inclusion (include_path='C:\xampp\php\PEAR') in C:\xampp\htdocs\codekendra\api\send_message.php on line 15
[24-Aug-2025 13:47:05 Europe/Berlin] PHP Fatal error:  Uncaught Error: Call to undefined function getDbConnection() in C:\xampp\htdocs\codekendra\api\send_message.php:19
Stack trace:
#0 {main}
  thrown in C:\xampp\htdocs\codekendra\api\send_message.php on line 19
[24-Aug-2025 13:47:12 Europe/Berlin] PHP Warning:  include(C:\xampp\htdocs\codekendra\api/db.php): Failed to open stream: No such file or directory in C:\xampp\htdocs\codekendra\api\send_message.php on line 15
[24-Aug-2025 13:47:12 Europe/Berlin] PHP Warning:  include(): Failed opening 'C:\xampp\htdocs\codekendra\api/db.php' for inclusion (include_path='C:\xampp\php\PEAR') in C:\xampp\htdocs\codekendra\api\send_message.php on line 15
[24-Aug-2025 13:47:12 Europe/Berlin] PHP Fatal error:  Uncaught Error: Call to undefined function getDbConnection() in C:\xampp\htdocs\codekendra\api\send_message.php:19
Stack trace:
#0 {main}
  thrown in C:\xampp\htdocs\codekendra\api\send_message.php on line 19
[24-Aug-2025 13:47:30 Europe/Berlin] PHP Warning:  include(C:\xampp\htdocs\codekendra\api/db.php): Failed to open stream: No such file or directory in C:\xampp\htdocs\codekendra\api\get_chat_list.php on line 15
[24-Aug-2025 13:47:30 Europe/Berlin] PHP Warning:  include(): Failed opening 'C:\xampp\htdocs\codekendra\api/db.php' for inclusion (include_path='C:\xampp\php\PEAR') in C:\xampp\htdocs\codekendra\api\get_chat_list.php on line 15
[24-Aug-2025 13:47:30 Europe/Berlin] PHP Fatal error:  Uncaught Error: Call to undefined function getDbConnection() in C:\xampp\htdocs\codekendra\api\get_chat_list.php:19
Stack trace:
#0 {main}
  thrown in C:\xampp\htdocs\codekendra\api\get_chat_list.php on line 19
[24-Aug-2025 13:47:31 Europe/Berlin] PHP Warning:  include(C:\xampp\htdocs\codekendra\api/db.php): Failed to open stream: No such file or directory in C:\xampp\htdocs\codekendra\api\get_chat_list.php on line 15
[24-Aug-2025 13:47:31 Europe/Berlin] PHP Warning:  include(): Failed opening 'C:\xampp\htdocs\codekendra\api/db.php' for inclusion (include_path='C:\xampp\php\PEAR') in C:\xampp\htdocs\codekendra\api\get_chat_list.php on line 15
[24-Aug-2025 13:47:31 Europe/Berlin] PHP Fatal error:  Uncaught Error: Call to undefined function getDbConnection() in C:\xampp\htdocs\codekendra\api\get_chat_list.php:19
Stack trace:
#0 {main}
  thrown in C:\xampp\htdocs\codekendra\api\get_chat_list.php on line 19
[24-Aug-2025 13:47:31 Europe/Berlin] PHP Warning:  include(C:\xampp\htdocs\codekendra\api/db.php): Failed to open stream: No such file or directory in C:\xampp\htdocs\codekendra\api\get_chat_list.php on line 15
[24-Aug-2025 13:47:31 Europe/Berlin] PHP Warning:  include(): Failed opening 'C:\xampp\htdocs\codekendra\api/db.php' for inclusion (include_path='C:\xampp\php\PEAR') in C:\xampp\htdocs\codekendra\api\get_chat_list.php on line 15
[24-Aug-2025 13:47:31 Europe/Berlin] PHP Fatal error:  Uncaught Error: Call to undefined function getDbConnection() in C:\xampp\htdocs\codekendra\api\get_chat_list.php:19
Stack trace:
#0 {main}
  thrown in C:\xampp\htdocs\codekendra\api\get_chat_list.php on line 19
[24-Aug-2025 13:47:31 Europe/Berlin] PHP Warning:  include(C:\xampp\htdocs\codekendra\api/db.php): Failed to open stream: No such file or directory in C:\xampp\htdocs\codekendra\api\get_chat_list.php on line 15
[24-Aug-2025 13:47:31 Europe/Berlin] PHP Warning:  include(): Failed opening 'C:\xampp\htdocs\codekendra\api/db.php' for inclusion (include_path='C:\xampp\php\PEAR') in C:\xampp\htdocs\codekendra\api\get_chat_list.php on line 15
[24-Aug-2025 13:47:31 Europe/Berlin] PHP Fatal error:  Uncaught Error: Call to undefined function getDbConnection() in C:\xampp\htdocs\codekendra\api\get_chat_list.php:19
Stack trace:
#0 {main}
  thrown in C:\xampp\htdocs\codekendra\api\get_chat_list.php on line 19
[24-Aug-2025 13:47:47 Europe/Berlin] PHP Warning:  include(C:\xampp\htdocs\codekendra\api/db.php): Failed to open stream: No such file or directory in C:\xampp\htdocs\codekendra\api\get_chat_list.php on line 15
[24-Aug-2025 13:47:47 Europe/Berlin] PHP Warning:  include(): Failed opening 'C:\xampp\htdocs\codekendra\api/db.php' for inclusion (include_path='C:\xampp\php\PEAR') in C:\xampp\htdocs\codekendra\api\get_chat_list.php on line 15
[24-Aug-2025 13:47:47 Europe/Berlin] PHP Fatal error:  Uncaught Error: Call to undefined function getDbConnection() in C:\xampp\htdocs\codekendra\api\get_chat_list.php:19
Stack trace:
#0 {main}
  thrown in C:\xampp\htdocs\codekendra\api\get_chat_list.php on line 19
[24-Aug-2025 13:47:52 Europe/Berlin] PHP Warning:  include(C:\xampp\htdocs\codekendra\api/db.php): Failed to open stream: No such file or directory in C:\xampp\htdocs\codekendra\api\get_chat_list.php on line 15
[24-Aug-2025 13:47:52 Europe/Berlin] PHP Warning:  include(): Failed opening 'C:\xampp\htdocs\codekendra\api/db.php' for inclusion (include_path='C:\xampp\php\PEAR') in C:\xampp\htdocs\codekendra\api\get_chat_list.php on line 15
[24-Aug-2025 13:47:52 Europe/Berlin] PHP Fatal error:  Uncaught Error: Call to undefined function getDbConnection() in C:\xampp\htdocs\codekendra\api\get_chat_list.php:19
Stack trace:
#0 {main}
  thrown in C:\xampp\htdocs\codekendra\api\get_chat_list.php on line 19
[24-Aug-2025 13:48:05 Europe/Berlin] PHP Warning:  include(C:\xampp\htdocs\codekendra\api/db.php): Failed to open stream: No such file or directory in C:\xampp\htdocs\codekendra\api\get_messages.php on line 15
[24-Aug-2025 13:48:05 Europe/Berlin] PHP Warning:  include(): Failed opening 'C:\xampp\htdocs\codekendra\api/db.php' for inclusion (include_path='C:\xampp\php\PEAR') in C:\xampp\htdocs\codekendra\api\get_messages.php on line 15
[24-Aug-2025 13:48:05 Europe/Berlin] PHP Fatal error:  Uncaught Error: Call to undefined function getDbConnection() in C:\xampp\htdocs\codekendra\api\get_messages.php:19
Stack trace:
#0 {main}
  thrown in C:\xampp\htdocs\codekendra\api\get_messages.php on line 19
[24-Aug-2025 13:48:22 Europe/Berlin] PHP Warning:  include(C:\xampp\htdocs\codekendra\api/db.php): Failed to open stream: No such file or directory in C:\xampp\htdocs\codekendra\api\send_message.php on line 15
[24-Aug-2025 13:48:22 Europe/Berlin] PHP Warning:  include(): Failed opening 'C:\xampp\htdocs\codekendra\api/db.php' for inclusion (include_path='C:\xampp\php\PEAR') in C:\xampp\htdocs\codekendra\api\send_message.php on line 15
[24-Aug-2025 13:48:22 Europe/Berlin] PHP Fatal error:  Uncaught Error: Call to undefined function getDbConnection() in C:\xampp\htdocs\codekendra\api\send_message.php:19
Stack trace:
#0 {main}
  thrown in C:\xampp\htdocs\codekendra\api\send_message.php on line 19
[24-Aug-2025 14:33:12 Europe/Berlin] PHP Warning:  include(C:\xampp\htdocs\codekendra\api/db.php): Failed to open stream: No such file or directory in C:\xampp\htdocs\codekendra\api\get_chat_list.php on line 15
[24-Aug-2025 14:33:12 Europe/Berlin] PHP Warning:  include(): Failed opening 'C:\xampp\htdocs\codekendra\api/db.php' for inclusion (include_path='C:\xampp\php\PEAR') in C:\xampp\htdocs\codekendra\api\get_chat_list.php on line 15
[24-Aug-2025 14:33:12 Europe/Berlin] PHP Fatal error:  Uncaught Error: Call to undefined function getDbConnection() in C:\xampp\htdocs\codekendra\api\get_chat_list.php:19
Stack trace:
#0 {main}
  thrown in C:\xampp\htdocs\codekendra\api\get_chat_list.php on line 19
[24-Aug-2025 14:33:20 Europe/Berlin] PHP Warning:  include(C:\xampp\htdocs\codekendra\api/db.php): Failed to open stream: No such file or directory in C:\xampp\htdocs\codekendra\api\get_messages.php on line 15
[24-Aug-2025 14:33:20 Europe/Berlin] PHP Warning:  include(): Failed opening 'C:\xampp\htdocs\codekendra\api/db.php' for inclusion (include_path='C:\xampp\php\PEAR') in C:\xampp\htdocs\codekendra\api\get_messages.php on line 15
[24-Aug-2025 14:33:20 Europe/Berlin] PHP Fatal error:  Uncaught Error: Call to undefined function getDbConnection() in C:\xampp\htdocs\codekendra\api\get_messages.php:19
Stack trace:
#0 {main}
  thrown in C:\xampp\htdocs\codekendra\api\get_messages.php on line 19
[24-Aug-2025 14:33:24 Europe/Berlin] PHP Warning:  include(C:\xampp\htdocs\codekendra\api/db.php): Failed to open stream: No such file or directory in C:\xampp\htdocs\codekendra\api\send_message.php on line 15
[24-Aug-2025 14:33:24 Europe/Berlin] PHP Warning:  include(): Failed opening 'C:\xampp\htdocs\codekendra\api/db.php' for inclusion (include_path='C:\xampp\php\PEAR') in C:\xampp\htdocs\codekendra\api\send_message.php on line 15
[24-Aug-2025 14:33:24 Europe/Berlin] PHP Fatal error:  Uncaught Error: Call to undefined function getDbConnection() in C:\xampp\htdocs\codekendra\api\send_message.php:19
Stack trace:
#0 {main}
  thrown in C:\xampp\htdocs\codekendra\api\send_message.php on line 19
[24-Aug-2025 14:33:53 Europe/Berlin] PHP Warning:  include(C:\xampp\htdocs\codekendra\api/db.php): Failed to open stream: No such file or directory in C:\xampp\htdocs\codekendra\api\get_chat_list.php on line 15
[24-Aug-2025 14:33:53 Europe/Berlin] PHP Warning:  include(): Failed opening 'C:\xampp\htdocs\codekendra\api/db.php' for inclusion (include_path='C:\xampp\php\PEAR') in C:\xampp\htdocs\codekendra\api\get_chat_list.php on line 15
[24-Aug-2025 14:33:53 Europe/Berlin] PHP Fatal error:  Uncaught Error: Call to undefined function getDbConnection() in C:\xampp\htdocs\codekendra\api\get_chat_list.php:19
Stack trace:
#0 {main}
  thrown in C:\xampp\htdocs\codekendra\api\get_chat_list.php on line 19
[24-Aug-2025 14:34:33 Europe/Berlin] PHP Warning:  include(C:\xampp\htdocs\codekendra\api/db.php): Failed to open stream: No such file or directory in C:\xampp\htdocs\codekendra\api\get_messages.php on line 15
[24-Aug-2025 14:34:33 Europe/Berlin] PHP Warning:  include(): Failed opening 'C:\xampp\htdocs\codekendra\api/db.php' for inclusion (include_path='C:\xampp\php\PEAR') in C:\xampp\htdocs\codekendra\api\get_messages.php on line 15
[24-Aug-2025 14:34:33 Europe/Berlin] PHP Fatal error:  Uncaught Error: Call to undefined function getDbConnection() in C:\xampp\htdocs\codekendra\api\get_messages.php:19
Stack trace:
#0 {main}
  thrown in C:\xampp\htdocs\codekendra\api\get_messages.php on line 19
[24-Aug-2025 14:34:58 Europe/Berlin] PHP Warning:  include(C:\xampp\htdocs\codekendra\api/db.php): Failed to open stream: No such file or directory in C:\xampp\htdocs\codekendra\api\send_message.php on line 15
[24-Aug-2025 14:34:58 Europe/Berlin] PHP Warning:  include(): Failed opening 'C:\xampp\htdocs\codekendra\api/db.php' for inclusion (include_path='C:\xampp\php\PEAR') in C:\xampp\htdocs\codekendra\api\send_message.php on line 15
[24-Aug-2025 14:34:58 Europe/Berlin] PHP Fatal error:  Uncaught Error: Call to undefined function getDbConnection() in C:\xampp\htdocs\codekendra\api\send_message.php:19
Stack trace:
#0 {main}
  thrown in C:\xampp\htdocs\codekendra\api\send_message.php on line 19
[24-Aug-2025 14:34:59 Europe/Berlin] PHP Warning:  include(C:\xampp\htdocs\codekendra\api/db.php): Failed to open stream: No such file or directory in C:\xampp\htdocs\codekendra\api\send_message.php on line 15
[24-Aug-2025 14:34:59 Europe/Berlin] PHP Warning:  include(): Failed opening 'C:\xampp\htdocs\codekendra\api/db.php' for inclusion (include_path='C:\xampp\php\PEAR') in C:\xampp\htdocs\codekendra\api\send_message.php on line 15
[24-Aug-2025 14:34:59 Europe/Berlin] PHP Fatal error:  Uncaught Error: Call to undefined function getDbConnection() in C:\xampp\htdocs\codekendra\api\send_message.php:19
Stack trace:
#0 {main}
  thrown in C:\xampp\htdocs\codekendra\api\send_message.php on line 19
[24-Aug-2025 14:34:59 Europe/Berlin] PHP Warning:  include(C:\xampp\htdocs\codekendra\api/db.php): Failed to open stream: No such file or directory in C:\xampp\htdocs\codekendra\api\send_message.php on line 15
[24-Aug-2025 14:34:59 Europe/Berlin] PHP Warning:  include(): Failed opening 'C:\xampp\htdocs\codekendra\api/db.php' for inclusion (include_path='C:\xampp\php\PEAR') in C:\xampp\htdocs\codekendra\api\send_message.php on line 15
[24-Aug-2025 14:34:59 Europe/Berlin] PHP Fatal error:  Uncaught Error: Call to undefined function getDbConnection() in C:\xampp\htdocs\codekendra\api\send_message.php:19
Stack trace:
#0 {main}
  thrown in C:\xampp\htdocs\codekendra\api\send_message.php on line 19
[24-Aug-2025 14:35:02 Europe/Berlin] PHP Warning:  include(C:\xampp\htdocs\codekendra\api/db.php): Failed to open stream: No such file or directory in C:\xampp\htdocs\codekendra\api\send_message.php on line 15
[24-Aug-2025 14:35:02 Europe/Berlin] PHP Warning:  include(): Failed opening 'C:\xampp\htdocs\codekendra\api/db.php' for inclusion (include_path='C:\xampp\php\PEAR') in C:\xampp\htdocs\codekendra\api\send_message.php on line 15
[24-Aug-2025 14:35:02 Europe/Berlin] PHP Fatal error:  Uncaught Error: Call to undefined function getDbConnection() in C:\xampp\htdocs\codekendra\api\send_message.php:19
Stack trace:
#0 {main}
  thrown in C:\xampp\htdocs\codekendra\api\send_message.php on line 19
[24-Aug-2025 14:35:22 Europe/Berlin] PHP Warning:  include(C:\xampp\htdocs\codekendra\api/db.php): Failed to open stream: No such file or directory in C:\xampp\htdocs\codekendra\api\send_message.php on line 15
[24-Aug-2025 14:35:22 Europe/Berlin] PHP Warning:  include(): Failed opening 'C:\xampp\htdocs\codekendra\api/db.php' for inclusion (include_path='C:\xampp\php\PEAR') in C:\xampp\htdocs\codekendra\api\send_message.php on line 15
[24-Aug-2025 14:35:22 Europe/Berlin] PHP Fatal error:  Uncaught Error: Call to undefined function getDbConnection() in C:\xampp\htdocs\codekendra\api\send_message.php:19
Stack trace:
#0 {main}
  thrown in C:\xampp\htdocs\codekendra\api\send_message.php on line 19
[24-Aug-2025 14:35:22 Europe/Berlin] PHP Warning:  include(C:\xampp\htdocs\codekendra\api/db.php): Failed to open stream: No such file or directory in C:\xampp\htdocs\codekendra\api\send_message.php on line 15
[24-Aug-2025 14:35:22 Europe/Berlin] PHP Warning:  include(): Failed opening 'C:\xampp\htdocs\codekendra\api/db.php' for inclusion (include_path='C:\xampp\php\PEAR') in C:\xampp\htdocs\codekendra\api\send_message.php on line 15
[24-Aug-2025 14:35:22 Europe/Berlin] PHP Fatal error:  Uncaught Error: Call to undefined function getDbConnection() in C:\xampp\htdocs\codekendra\api\send_message.php:19
Stack trace:
#0 {main}
  thrown in C:\xampp\htdocs\codekendra\api\send_message.php on line 19
[24-Aug-2025 14:37:38 Europe/Berlin] PHP Warning:  include(C:\xampp\htdocs\codekendra\api/db.php): Failed to open stream: No such file or directory in C:\xampp\htdocs\codekendra\api\send_message.php on line 15
[24-Aug-2025 14:37:38 Europe/Berlin] PHP Warning:  include(): Failed opening 'C:\xampp\htdocs\codekendra\api/db.php' for inclusion (include_path='C:\xampp\php\PEAR') in C:\xampp\htdocs\codekendra\api\send_message.php on line 15
[24-Aug-2025 14:37:38 Europe/Berlin] PHP Fatal error:  Uncaught Error: Call to undefined function getDbConnection() in C:\xampp\htdocs\codekendra\api\send_message.php:19
Stack trace:
#0 {main}
  thrown in C:\xampp\htdocs\codekendra\api\send_message.php on line 19
[24-Aug-2025 14:37:38 Europe/Berlin] PHP Warning:  include(C:\xampp\htdocs\codekendra\api/db.php): Failed to open stream: No such file or directory in C:\xampp\htdocs\codekendra\api\send_message.php on line 15
[24-Aug-2025 14:37:38 Europe/Berlin] PHP Warning:  include(): Failed opening 'C:\xampp\htdocs\codekendra\api/db.php' for inclusion (include_path='C:\xampp\php\PEAR') in C:\xampp\htdocs\codekendra\api\send_message.php on line 15
[24-Aug-2025 14:37:38 Europe/Berlin] PHP Fatal error:  Uncaught Error: Call to undefined function getDbConnection() in C:\xampp\htdocs\codekendra\api\send_message.php:19
Stack trace:
#0 {main}
  thrown in C:\xampp\htdocs\codekendra\api\send_message.php on line 19
[24-Aug-2025 14:37:38 Europe/Berlin] PHP Warning:  include(C:\xampp\htdocs\codekendra\api\config\db.php): Failed to open stream: No such file or directory in C:\xampp\htdocs\codekendra\api\send_message.php on line 15
[24-Aug-2025 14:37:38 Europe/Berlin] PHP Warning:  include(): Failed opening 'C:\xampp\htdocs\codekendra\api/db.php' for inclusion (include_path='C:\xampp\php\PEAR') in C:\xampp\htdocs\codekendra\api\send_message.php on line 15
[24-Aug-2025 14:37:38 Europe/Berlin] PHP Fatal error:  Uncaught Error: Call to undefined function getDbConnection() in C:\xampp\htdocs\codekendra\api\send_message.php:19
Stack trace:
#0 {main}
  thrown in C:\xampp\htdocs\codekendra\api\send_message.php on line 19
[24-Aug-2025 14:44:56 Europe/Berlin] PHP Warning:  include(C:\xampp\htdocs\codekendra\api/db.php): Failed to open stream: No such file or directory in C:\xampp\htdocs\codekendra\api\get_messages.php on line 16
[24-Aug-2025 14:44:56 Europe/Berlin] PHP Warning:  include(): Failed opening 'C:\xampp\htdocs\codekendra\api/db.php' for inclusion (include_path='C:\xampp\php\PEAR') in C:\xampp\htdocs\codekendra\api\get_messages.php on line 16
[24-Aug-2025 14:44:56 Europe/Berlin] PHP Fatal error:  Uncaught Error: Call to undefined function getDbConnection() in C:\xampp\htdocs\codekendra\api\get_messages.php:20
Stack trace:
#0 {main}
  thrown in C:\xampp\htdocs\codekendra\api\get_messages.php on line 20
[24-Aug-2025 14:45:14 Europe/Berlin] PHP Warning:  include(C:\xampp\htdocs\codekendra\api/db.php): Failed to open stream: No such file or directory in C:\xampp\htdocs\codekendra\api\get_chat_list.php on line 16
[24-Aug-2025 14:45:14 Europe/Berlin] PHP Warning:  include(): Failed opening 'C:\xampp\htdocs\codekendra\api/db.php' for inclusion (include_path='C:\xampp\php\PEAR') in C:\xampp\htdocs\codekendra\api\get_chat_list.php on line 16
[24-Aug-2025 14:45:14 Europe/Berlin] PHP Fatal error:  Uncaught Error: Call to undefined function getDbConnection() in C:\xampp\htdocs\codekendra\api\get_chat_list.php:20
Stack trace:
#0 {main}
  thrown in C:\xampp\htdocs\codekendra\api\get_chat_list.php on line 20
[24-Aug-2025 14:45:26 Europe/Berlin] PHP Warning:  include(C:\xampp\htdocs\codekendra\api/db.php): Failed to open stream: No such file or directory in C:\xampp\htdocs\codekendra\api\get_messages.php on line 16
[24-Aug-2025 14:45:26 Europe/Berlin] PHP Warning:  include(): Failed opening 'C:\xampp\htdocs\codekendra\api/db.php' for inclusion (include_path='C:\xampp\php\PEAR') in C:\xampp\htdocs\codekendra\api\get_messages.php on line 16
[24-Aug-2025 14:45:26 Europe/Berlin] PHP Fatal error:  Uncaught Error: Call to undefined function getDbConnection() in C:\xampp\htdocs\codekendra\api\get_messages.php:20
Stack trace:
#0 {main}
  thrown in C:\xampp\htdocs\codekendra\api\get_messages.php on line 20
[24-Aug-2025 14:45:30 Europe/Berlin] PHP Warning:  include(C:\xampp\htdocs\codekendra\api/db.php): Failed to open stream: No such file or directory in C:\xampp\htdocs\codekendra\api\send_message.php on line 16
[24-Aug-2025 14:45:30 Europe/Berlin] PHP Warning:  include(): Failed opening 'C:\xampp\htdocs\codekendra\api/db.php' for inclusion (include_path='C:\xampp\php\PEAR') in C:\xampp\htdocs\codekendra\api\send_message.php on line 16
[24-Aug-2025 14:45:30 Europe/Berlin] PHP Fatal error:  Uncaught Error: Call to undefined function getDbConnection() in C:\xampp\htdocs\codekendra\api\send_message.php:20
Stack trace:
#0 {main}
  thrown in C:\xampp\htdocs\codekendra\api\send_message.php on line 20
[24-Aug-2025 14:45:30 Europe/Berlin] PHP Warning:  include(C:\xampp\htdocs\codekendra\api/db.php): Failed to open stream: No such file or directory in C:\xampp\htdocs\codekendra\api\send_message.php on line 16
[24-Aug-2025 14:45:30 Europe/Berlin] PHP Warning:  include(): Failed opening 'C:\xampp\htdocs\codekendra\api/db.php' for inclusion (include_path='C:\xampp\php\PEAR') in C:\xampp\htdocs\codekendra\api\send_message.php on line 16
[24-Aug-2025 14:45:30 Europe/Berlin] PHP Fatal error:  Uncaught Error: Call to undefined function getDbConnection() in C:\xampp\htdocs\codekendra\api\send_message.php:20
Stack trace:
#0 {main}
  thrown in C:\xampp\htdocs\codekendra\api\send_message.php on line 20
[24-Aug-2025 14:46:15 Europe/Berlin] PHP Warning:  include(C:\xampp\htdocs\codekendra\api/db.php): Failed to open stream: No such file or directory in C:\xampp\htdocs\codekendra\api\get_messages.php on line 16
[24-Aug-2025 14:46:15 Europe/Berlin] PHP Warning:  include(): Failed opening 'C:\xampp\htdocs\codekendra\api/db.php' for inclusion (include_path='C:\xampp\php\PEAR') in C:\xampp\htdocs\codekendra\api\get_messages.php on line 16
[24-Aug-2025 14:46:15 Europe/Berlin] PHP Fatal error:  Uncaught Error: Call to undefined function getDbConnection() in C:\xampp\htdocs\codekendra\api\get_messages.php:20
Stack trace:
#0 {main}
  thrown in C:\xampp\htdocs\codekendra\api\get_messages.php on line 20
[24-Aug-2025 14:46:21 Europe/Berlin] PHP Warning:  include(C:\xampp\htdocs\codekendra\api/db.php): Failed to open stream: No such file or directory in C:\xampp\htdocs\codekendra\api\send_message.php on line 16
[24-Aug-2025 14:46:21 Europe/Berlin] PHP Warning:  include(): Failed opening 'C:\xampp\htdocs\codekendra\api/db.php' for inclusion (include_path='C:\xampp\php\PEAR') in C:\xampp\htdocs\codekendra\api\send_message.php on line 16
[24-Aug-2025 14:46:21 Europe/Berlin] PHP Fatal error:  Uncaught Error: Call to undefined function getDbConnection() in C:\xampp\htdocs\codekendra\api\send_message.php:20
Stack trace:
#0 {main}
  thrown in C:\xampp\htdocs\codekendra\api\send_message.php on line 20
[24-Aug-2025 14:46:21 Europe/Berlin] PHP Warning:  include(C:\xampp\htdocs\codekendra\api/db.php): Failed to open stream: No such file or directory in C:\xampp\htdocs\codekendra\api\send_message.php on line 16
[24-Aug-2025 14:46:21 Europe/Berlin] PHP Warning:  include(): Failed opening 'C:\xampp\htdocs\codekendra\api/db.php' for inclusion (include_path='C:\xampp\php\PEAR') in C:\xampp\htdocs\codekendra\api\send_message.php on line 16
[24-Aug-2025 14:46:21 Europe/Berlin] PHP Fatal error:  Uncaught Error: Call to undefined function getDbConnection() in C:\xampp\htdocs\codekendra\api\send_message.php:20
Stack trace:
#0 {main}
  thrown in C:\xampp\htdocs\codekendra\api\send_message.php on line 20
[24-Aug-2025 14:46:21 Europe/Berlin] PHP Warning:  include(C:\xampp\htdocs\codekendra\api/db.php): Failed to open stream: No such file or directory in C:\xampp\htdocs\codekendra\api\send_message.php on line 16
[24-Aug-2025 14:46:21 Europe/Berlin] PHP Warning:  include(): Failed opening 'C:\xampp\htdocs\codekendra\api/db.php' for inclusion (include_path='C:\xampp\php\PEAR') in C:\xampp\htdocs\codekendra\api\send_message.php on line 16
[24-Aug-2025 14:46:21 Europe/Berlin] PHP Fatal error:  Uncaught Error: Call to undefined function getDbConnection() in C:\xampp\htdocs\codekendra\api\send_message.php:20
Stack trace:
#0 {main}
  thrown in C:\xampp\htdocs\codekendra\api\send_message.php on line 20
[24-Aug-2025 14:47:04 Europe/Berlin] PHP Warning:  include(C:\xampp\htdocs\codekendra\api/db.php): Failed to open stream: No such file or directory in C:\xampp\htdocs\codekendra\api\send_message.php on line 16
[24-Aug-2025 14:47:04 Europe/Berlin] PHP Warning:  include(): Failed opening 'C:\xampp\htdocs\codekendra\api/db.php' for inclusion (include_path='C:\xampp\php\PEAR') in C:\xampp\htdocs\codekendra\api\send_message.php on line 16
[24-Aug-2025 14:47:04 Europe/Berlin] PHP Fatal error:  Uncaught Error: Call to undefined function getDbConnection() in C:\xampp\htdocs\codekendra\api\send_message.php:20
Stack trace:
#0 {main}
  thrown in C:\xampp\htdocs\codekendra\api\send_message.php on line 20
[24-Aug-2025 14:47:05 Europe/Berlin] PHP Warning:  include(C:\xampp\htdocs\codekendra\api/db.php): Failed to open stream: No such file or directory in C:\xampp\htdocs\codekendra\api\send_message.php on line 16
[24-Aug-2025 14:47:05 Europe/Berlin] PHP Warning:  include(): Failed opening 'C:\xampp\htdocs\codekendra\api/db.php' for inclusion (include_path='C:\xampp\php\PEAR') in C:\xampp\htdocs\codekendra\api\send_message.php on line 16
[24-Aug-2025 14:47:05 Europe/Berlin] PHP Fatal error:  Uncaught Error: Call to undefined function getDbConnection() in C:\xampp\htdocs\codekendra\api\send_message.php:20
Stack trace:
#0 {main}
  thrown in C:\xampp\htdocs\codekendra\api\send_message.php on line 20
[24-Aug-2025 14:47:05 Europe/Berlin] PHP Warning:  include(C:\xampp\htdocs\codekendra\api/db.php): Failed to open stream: No such file or directory in C:\xampp\htdocs\codekendra\api\send_message.php on line 16
[24-Aug-2025 14:47:05 Europe/Berlin] PHP Warning:  include(): Failed opening 'C:\xampp\htdocs\codekendra\api/db.php' for inclusion (include_path='C:\xampp\php\PEAR') in C:\xampp\htdocs\codekendra\api\send_message.php on line 16
[24-Aug-2025 14:47:05 Europe/Berlin] PHP Fatal error:  Uncaught Error: Call to undefined function getDbConnection() in C:\xampp\htdocs\codekendra\api\send_message.php:20
Stack trace:
#0 {main}
  thrown in C:\xampp\htdocs\codekendra\api\send_message.php on line 20
[24-Aug-2025 14:48:33 Europe/Berlin] Error in get_chat_list.php: Missing user ID
[24-Aug-2025 14:49:26 Europe/Berlin] Error in get_chat_list.php: Missing user ID
[24-Aug-2025 14:49:51 Europe/Berlin] Error in send_message.php: Missing required fields
[24-Aug-2025 14:50:11 Europe/Berlin] Error in get_chat_list.php: Missing user ID
[24-Aug-2025 14:50:17 Europe/Berlin] Error in get_messages.php: Missing user IDs
[24-Aug-2025 14:53:59 Europe/Berlin] Error in get_messages.php: Missing user IDs
[24-Aug-2025 14:54:11 Europe/Berlin] Error in get_chat_list.php: Missing user ID
[24-Aug-2025 14:54:14 Europe/Berlin] Error in get_chat_list.php: Missing user ID
[24-Aug-2025 14:54:14 Europe/Berlin] Error in get_chat_list.php: Missing user ID
[24-Aug-2025 14:54:42 Europe/Berlin] Error in get_chat_list.php: Missing user ID
[24-Aug-2025 14:55:38 Europe/Berlin] Error in get_chat_list.php: Missing user ID
[24-Aug-2025 14:55:44 Europe/Berlin] Error in get_chat_list.php: Missing user ID
[24-Aug-2025 18:48:56 Europe/Berlin] Error in get_chat_list.php: Missing user ID
[24-Aug-2025 18:51:56 Europe/Berlin] Error in get_chat_list.php: Missing user ID
[24-Aug-2025 19:28:12 Europe/Berlin] PHP Warning:  Undefined variable $conn in C:\xampp\htdocs\codekendra\api\get_follow_stats.php on line 24
[24-Aug-2025 19:28:12 Europe/Berlin] PHP Fatal error:  Uncaught Error: Call to a member function prepare() on null in C:\xampp\htdocs\codekendra\api\get_follow_stats.php:24
Stack trace:
#0 {main}
  thrown in C:\xampp\htdocs\codekendra\api\get_follow_stats.php on line 24
[24-Aug-2025 19:28:12 Europe/Berlin] PHP Warning:  Undefined variable $conn in C:\xampp\htdocs\codekendra\api\get_follow_stats.php on line 24
[24-Aug-2025 19:28:12 Europe/Berlin] PHP Fatal error:  Uncaught Error: Call to a member function prepare() on null in C:\xampp\htdocs\codekendra\api\get_follow_stats.php:24
Stack trace:
#0 {main}
  thrown in C:\xampp\htdocs\codekendra\api\get_follow_stats.php on line 24
[24-Aug-2025 19:28:39 Europe/Berlin] PHP Warning:  Undefined variable $conn in C:\xampp\htdocs\codekendra\api\get_follow_stats.php on line 24
[24-Aug-2025 19:28:39 Europe/Berlin] PHP Fatal error:  Uncaught Error: Call to a member function prepare() on null in C:\xampp\htdocs\codekendra\api\get_follow_stats.php:24
Stack trace:
#0 {main}
  thrown in C:\xampp\htdocs\codekendra\api\get_follow_stats.php on line 24
[24-Aug-2025 19:28:39 Europe/Berlin] PHP Warning:  Undefined variable $conn in C:\xampp\htdocs\codekendra\api\get_follow_stats.php on line 24
[24-Aug-2025 19:28:39 Europe/Berlin] PHP Fatal error:  Uncaught Error: Call to a member function prepare() on null in C:\xampp\htdocs\codekendra\api\get_follow_stats.php:24
Stack trace:
#0 {main}
  thrown in C:\xampp\htdocs\codekendra\api\get_follow_stats.php on line 24
[24-Aug-2025 19:28:47 Europe/Berlin] PHP Warning:  Undefined variable $conn in C:\xampp\htdocs\codekendra\api\get_follow_stats.php on line 24
[24-Aug-2025 19:28:47 Europe/Berlin] PHP Warning:  Undefined variable $conn in C:\xampp\htdocs\codekendra\api\get_follow_stats.php on line 24
[24-Aug-2025 19:28:47 Europe/Berlin] PHP Fatal error:  Uncaught Error: Call to a member function prepare() on null in C:\xampp\htdocs\codekendra\api\get_follow_stats.php:24
Stack trace:
#0 {main}
  thrown in C:\xampp\htdocs\codekendra\api\get_follow_stats.php on line 24
[24-Aug-2025 19:28:47 Europe/Berlin] PHP Fatal error:  Uncaught Error: Call to a member function prepare() on null in C:\xampp\htdocs\codekendra\api\get_follow_stats.php:24
Stack trace:
#0 {main}
  thrown in C:\xampp\htdocs\codekendra\api\get_follow_stats.php on line 24
[24-Aug-2025 19:30:24 Europe/Berlin] Error in get_chat_list.php: Missing user ID
[24-Aug-2025 19:31:13 Europe/Berlin] PHP Warning:  Undefined variable $conn in C:\xampp\htdocs\codekendra\api\get_follow_stats.php on line 24
[24-Aug-2025 19:31:13 Europe/Berlin] PHP Warning:  Undefined variable $conn in C:\xampp\htdocs\codekendra\api\get_follow_stats.php on line 24
[24-Aug-2025 19:31:13 Europe/Berlin] PHP Fatal error:  Uncaught Error: Call to a member function prepare() on null in C:\xampp\htdocs\codekendra\api\get_follow_stats.php:24
Stack trace:
#0 {main}
  thrown in C:\xampp\htdocs\codekendra\api\get_follow_stats.php on line 24
[24-Aug-2025 19:31:13 Europe/Berlin] PHP Fatal error:  Uncaught Error: Call to a member function prepare() on null in C:\xampp\htdocs\codekendra\api\get_follow_stats.php:24
Stack trace:
#0 {main}
  thrown in C:\xampp\htdocs\codekendra\api\get_follow_stats.php on line 24
[24-Aug-2025 19:31:23 Europe/Berlin] PHP Warning:  Undefined variable $conn in C:\xampp\htdocs\codekendra\api\get_follow_stats.php on line 24
[24-Aug-2025 19:31:23 Europe/Berlin] PHP Fatal error:  Uncaught Error: Call to a member function prepare() on null in C:\xampp\htdocs\codekendra\api\get_follow_stats.php:24
Stack trace:
#0 {main}
  thrown in C:\xampp\htdocs\codekendra\api\get_follow_stats.php on line 24
[24-Aug-2025 19:31:23 Europe/Berlin] PHP Warning:  Undefined variable $conn in C:\xampp\htdocs\codekendra\api\get_follow_stats.php on line 24
[24-Aug-2025 19:31:23 Europe/Berlin] PHP Fatal error:  Uncaught Error: Call to a member function prepare() on null in C:\xampp\htdocs\codekendra\api\get_follow_stats.php:24
Stack trace:
#0 {main}
  thrown in C:\xampp\htdocs\codekendra\api\get_follow_stats.php on line 24
[24-Aug-2025 19:40:40 Europe/Berlin] PHP Warning:  Undefined variable $conn in C:\xampp\htdocs\codekendra\api\get_follow_stats.php on line 24
[24-Aug-2025 19:40:40 Europe/Berlin] PHP Warning:  Undefined variable $conn in C:\xampp\htdocs\codekendra\api\get_follow_stats.php on line 24
[24-Aug-2025 19:40:40 Europe/Berlin] PHP Fatal error:  Uncaught Error: Call to a member function prepare() on null in C:\xampp\htdocs\codekendra\api\get_follow_stats.php:24
Stack trace:
#0 {main}
  thrown in C:\xampp\htdocs\codekendra\api\get_follow_stats.php on line 24
[24-Aug-2025 19:40:40 Europe/Berlin] PHP Fatal error:  Uncaught Error: Call to a member function prepare() on null in C:\xampp\htdocs\codekendra\api\get_follow_stats.php:24
Stack trace:
#0 {main}
  thrown in C:\xampp\htdocs\codekendra\api\get_follow_stats.php on line 24
[24-Aug-2025 19:40:45 Europe/Berlin] PHP Warning:  Undefined variable $conn in C:\xampp\htdocs\codekendra\api\get_follow_stats.php on line 24
[24-Aug-2025 19:40:45 Europe/Berlin] PHP Fatal error:  Uncaught Error: Call to a member function prepare() on null in C:\xampp\htdocs\codekendra\api\get_follow_stats.php:24
Stack trace:
#0 {main}
  thrown in C:\xampp\htdocs\codekendra\api\get_follow_stats.php on line 24
[24-Aug-2025 19:40:45 Europe/Berlin] PHP Warning:  Undefined variable $conn in C:\xampp\htdocs\codekendra\api\get_follow_stats.php on line 24
[24-Aug-2025 19:40:45 Europe/Berlin] PHP Fatal error:  Uncaught Error: Call to a member function prepare() on null in C:\xampp\htdocs\codekendra\api\get_follow_stats.php:24
Stack trace:
#0 {main}
  thrown in C:\xampp\htdocs\codekendra\api\get_follow_stats.php on line 24
[24-Aug-2025 19:41:01 Europe/Berlin] PHP Warning:  Undefined variable $conn in C:\xampp\htdocs\codekendra\api\get_follow_stats.php on line 24
[24-Aug-2025 19:41:01 Europe/Berlin] PHP Warning:  Undefined variable $conn in C:\xampp\htdocs\codekendra\api\get_follow_stats.php on line 24
[24-Aug-2025 19:41:01 Europe/Berlin] PHP Fatal error:  Uncaught Error: Call to a member function prepare() on null in C:\xampp\htdocs\codekendra\api\get_follow_stats.php:24
Stack trace:
#0 {main}
  thrown in C:\xampp\htdocs\codekendra\api\get_follow_stats.php on line 24
[24-Aug-2025 19:41:01 Europe/Berlin] PHP Fatal error:  Uncaught Error: Call to a member function prepare() on null in C:\xampp\htdocs\codekendra\api\get_follow_stats.php:24
Stack trace:
#0 {main}
  thrown in C:\xampp\htdocs\codekendra\api\get_follow_stats.php on line 24
[24-Aug-2025 19:47:05 Europe/Berlin] PHP Warning:  Undefined variable $conn in C:\xampp\htdocs\codekendra\api\get_follow_stats.php on line 24
[24-Aug-2025 19:47:05 Europe/Berlin] PHP Fatal error:  Uncaught Error: Call to a member function prepare() on null in C:\xampp\htdocs\codekendra\api\get_follow_stats.php:24
Stack trace:
#0 {main}
  thrown in C:\xampp\htdocs\codekendra\api\get_follow_stats.php on line 24
[24-Aug-2025 20:00:05 Europe/Berlin] PHP Warning:  Undefined variable $conn in C:\xampp\htdocs\codekendra\api\get_follow_stats.php on line 24
[24-Aug-2025 20:00:05 Europe/Berlin] PHP Warning:  Undefined variable $conn in C:\xampp\htdocs\codekendra\api\get_follow_stats.php on line 24
[24-Aug-2025 20:00:05 Europe/Berlin] PHP Fatal error:  Uncaught Error: Call to a member function prepare() on null in C:\xampp\htdocs\codekendra\api\get_follow_stats.php:24
Stack trace:
#0 {main}
  thrown in C:\xampp\htdocs\codekendra\api\get_follow_stats.php on line 24
[24-Aug-2025 20:00:05 Europe/Berlin] PHP Fatal error:  Uncaught Error: Call to a member function prepare() on null in C:\xampp\htdocs\codekendra\api\get_follow_stats.php:24
Stack trace:
#0 {main}
  thrown in C:\xampp\htdocs\codekendra\api\get_follow_stats.php on line 24
[24-Aug-2025 20:00:14 Europe/Berlin] PHP Warning:  Undefined variable $conn in C:\xampp\htdocs\codekendra\api\get_follow_stats.php on line 24
[24-Aug-2025 20:00:14 Europe/Berlin] PHP Fatal error:  Uncaught Error: Call to a member function prepare() on null in C:\xampp\htdocs\codekendra\api\get_follow_stats.php:24
Stack trace:
#0 {main}
  thrown in C:\xampp\htdocs\codekendra\api\get_follow_stats.php on line 24
[24-Aug-2025 20:00:31 Europe/Berlin] PHP Warning:  Undefined variable $conn in C:\xampp\htdocs\codekendra\api\get_follow_stats.php on line 24
[24-Aug-2025 20:00:31 Europe/Berlin] PHP Fatal error:  Uncaught Error: Call to a member function prepare() on null in C:\xampp\htdocs\codekendra\api\get_follow_stats.php:24
Stack trace:
#0 {main}
  thrown in C:\xampp\htdocs\codekendra\api\get_follow_stats.php on line 24
[24-Aug-2025 20:00:40 Europe/Berlin] PHP Warning:  Undefined variable $conn in C:\xampp\htdocs\codekendra\api\get_follow_stats.php on line 24
[24-Aug-2025 20:00:40 Europe/Berlin] PHP Fatal error:  Uncaught Error: Call to a member function prepare() on null in C:\xampp\htdocs\codekendra\api\get_follow_stats.php:24
Stack trace:
#0 {main}
  thrown in C:\xampp\htdocs\codekendra\api\get_follow_stats.php on line 24
[24-Aug-2025 20:00:40 Europe/Berlin] PHP Warning:  Undefined variable $conn in C:\xampp\htdocs\codekendra\api\get_follow_stats.php on line 24
[24-Aug-2025 20:00:40 Europe/Berlin] PHP Fatal error:  Uncaught Error: Call to a member function prepare() on null in C:\xampp\htdocs\codekendra\api\get_follow_stats.php:24
Stack trace:
#0 {main}
  thrown in C:\xampp\htdocs\codekendra\api\get_follow_stats.php on line 24
[24-Aug-2025 20:06:20 Europe/Berlin] PHP Warning:  Undefined variable $conn in C:\xampp\htdocs\codekendra\api\get_follow_stats.php on line 24
[24-Aug-2025 20:06:20 Europe/Berlin] PHP Fatal error:  Uncaught Error: Call to a member function prepare() on null in C:\xampp\htdocs\codekendra\api\get_follow_stats.php:24
Stack trace:
#0 {main}
  thrown in C:\xampp\htdocs\codekendra\api\get_follow_stats.php on line 24
[24-Aug-2025 20:06:20 Europe/Berlin] PHP Warning:  Undefined variable $conn in C:\xampp\htdocs\codekendra\api\get_user_posts.php on line 23
[24-Aug-2025 20:06:20 Europe/Berlin] PHP Warning:  Undefined variable $conn in C:\xampp\htdocs\codekendra\api\get_follow_stats.php on line 24
[24-Aug-2025 20:06:20 Europe/Berlin] PHP Fatal error:  Uncaught Error: Call to a member function prepare() on null in C:\xampp\htdocs\codekendra\api\get_user_posts.php:23
Stack trace:
#0 {main}
  thrown in C:\xampp\htdocs\codekendra\api\get_user_posts.php on line 23
[24-Aug-2025 20:06:20 Europe/Berlin] PHP Warning:  Undefined variable $conn in C:\xampp\htdocs\codekendra\api\get_user_posts.php on line 23
[24-Aug-2025 20:06:20 Europe/Berlin] PHP Fatal error:  Uncaught Error: Call to a member function prepare() on null in C:\xampp\htdocs\codekendra\api\get_follow_stats.php:24
Stack trace:
#0 {main}
  thrown in C:\xampp\htdocs\codekendra\api\get_follow_stats.php on line 24
[24-Aug-2025 20:06:20 Europe/Berlin] PHP Fatal error:  Uncaught Error: Call to a member function prepare() on null in C:\xampp\htdocs\codekendra\api\get_user_posts.php:23
Stack trace:
#0 {main}
  thrown in C:\xampp\htdocs\codekendra\api\get_user_posts.php on line 23
[24-Aug-2025 20:06:44 Europe/Berlin] PHP Warning:  Undefined variable $conn in C:\xampp\htdocs\codekendra\api\get_user_posts.php on line 23
[24-Aug-2025 20:06:44 Europe/Berlin] PHP Fatal error:  Uncaught Error: Call to a member function prepare() on null in C:\xampp\htdocs\codekendra\api\get_user_posts.php:23
Stack trace:
#0 {main}
  thrown in C:\xampp\htdocs\codekendra\api\get_user_posts.php on line 23
[24-Aug-2025 20:06:44 Europe/Berlin] PHP Warning:  Undefined variable $conn in C:\xampp\htdocs\codekendra\api\get_follow_stats.php on line 24
[24-Aug-2025 20:06:44 Europe/Berlin] PHP Fatal error:  Uncaught Error: Call to a member function prepare() on null in C:\xampp\htdocs\codekendra\api\get_follow_stats.php:24
Stack trace:
#0 {main}
  thrown in C:\xampp\htdocs\codekendra\api\get_follow_stats.php on line 24
[24-Aug-2025 20:06:44 Europe/Berlin] PHP Warning:  Undefined variable $conn in C:\xampp\htdocs\codekendra\api\get_follow_stats.php on line 24
[24-Aug-2025 20:06:44 Europe/Berlin] PHP Warning:  Undefined variable $conn in C:\xampp\htdocs\codekendra\api\get_user_posts.php on line 23
[24-Aug-2025 20:06:44 Europe/Berlin] PHP Fatal error:  Uncaught Error: Call to a member function prepare() on null in C:\xampp\htdocs\codekendra\api\get_follow_stats.php:24
Stack trace:
#0 {main}
  thrown in C:\xampp\htdocs\codekendra\api\get_follow_stats.php on line 24
[24-Aug-2025 20:06:44 Europe/Berlin] PHP Fatal error:  Uncaught Error: Call to a member function prepare() on null in C:\xampp\htdocs\codekendra\api\get_user_posts.php:23
Stack trace:
#0 {main}
  thrown in C:\xampp\htdocs\codekendra\api\get_user_posts.php on line 23
[25-Aug-2025 02:55:45 Europe/Berlin] PHP Warning:  Undefined variable $conn in C:\xampp\htdocs\codekendra\api\get_follow_stats.php on line 24
[25-Aug-2025 02:55:45 Europe/Berlin] PHP Fatal error:  Uncaught Error: Call to a member function prepare() on null in C:\xampp\htdocs\codekendra\api\get_follow_stats.php:24
Stack trace:
#0 {main}
  thrown in C:\xampp\htdocs\codekendra\api\get_follow_stats.php on line 24
[25-Aug-2025 02:55:45 Europe/Berlin] PHP Warning:  Undefined variable $conn in C:\xampp\htdocs\codekendra\api\get_follow_stats.php on line 24
[25-Aug-2025 02:55:45 Europe/Berlin] PHP Warning:  Undefined variable $conn in C:\xampp\htdocs\codekendra\api\get_user_posts.php on line 30
[25-Aug-2025 02:55:45 Europe/Berlin] PHP Warning:  Undefined variable $conn in C:\xampp\htdocs\codekendra\api\get_user_posts.php on line 30
[25-Aug-2025 02:55:45 Europe/Berlin] PHP Fatal error:  Uncaught Error: Call to a member function prepare() on null in C:\xampp\htdocs\codekendra\api\get_user_posts.php:30
Stack trace:
#0 {main}
  thrown in C:\xampp\htdocs\codekendra\api\get_user_posts.php on line 30
[25-Aug-2025 02:55:45 Europe/Berlin] PHP Fatal error:  Uncaught Error: Call to a member function prepare() on null in C:\xampp\htdocs\codekendra\api\get_user_posts.php:30
Stack trace:
#0 {main}
  thrown in C:\xampp\htdocs\codekendra\api\get_user_posts.php on line 30
[25-Aug-2025 02:55:45 Europe/Berlin] PHP Fatal error:  Uncaught Error: Call to a member function prepare() on null in C:\xampp\htdocs\codekendra\api\get_follow_stats.php:24
Stack trace:
#0 {main}
  thrown in C:\xampp\htdocs\codekendra\api\get_follow_stats.php on line 24
[25-Aug-2025 02:55:54 Europe/Berlin] PHP Warning:  Undefined variable $conn in C:\xampp\htdocs\codekendra\api\get_user_posts.php on line 30
[25-Aug-2025 02:55:54 Europe/Berlin] PHP Fatal error:  Uncaught Error: Call to a member function prepare() on null in C:\xampp\htdocs\codekendra\api\get_user_posts.php:30
Stack trace:
#0 {main}
  thrown in C:\xampp\htdocs\codekendra\api\get_user_posts.php on line 30
[25-Aug-2025 02:55:55 Europe/Berlin] PHP Warning:  Undefined variable $conn in C:\xampp\htdocs\codekendra\api\get_follow_stats.php on line 24
[25-Aug-2025 02:55:55 Europe/Berlin] PHP Fatal error:  Uncaught Error: Call to a member function prepare() on null in C:\xampp\htdocs\codekendra\api\get_follow_stats.php:24
Stack trace:
#0 {main}
  thrown in C:\xampp\htdocs\codekendra\api\get_follow_stats.php on line 24
[25-Aug-2025 02:55:55 Europe/Berlin] PHP Warning:  Undefined variable $conn in C:\xampp\htdocs\codekendra\api\get_follow_stats.php on line 24
[25-Aug-2025 02:55:55 Europe/Berlin] PHP Fatal error:  Uncaught Error: Call to a member function prepare() on null in C:\xampp\htdocs\codekendra\api\get_follow_stats.php:24
Stack trace:
#0 {main}
  thrown in C:\xampp\htdocs\codekendra\api\get_follow_stats.php on line 24
[25-Aug-2025 02:55:55 Europe/Berlin] PHP Warning:  Undefined variable $conn in C:\xampp\htdocs\codekendra\api\get_user_posts.php on line 30
[25-Aug-2025 02:55:55 Europe/Berlin] PHP Fatal error:  Uncaught Error: Call to a member function prepare() on null in C:\xampp\htdocs\codekendra\api\get_user_posts.php:30
Stack trace:
#0 {main}
  thrown in C:\xampp\htdocs\codekendra\api\get_user_posts.php on line 30
[25-Aug-2025 02:57:20 Europe/Berlin] PHP Warning:  Undefined variable $conn in C:\xampp\htdocs\codekendra\api\get_user_posts.php on line 30
[25-Aug-2025 02:57:20 Europe/Berlin] PHP Fatal error:  Uncaught Error: Call to a member function prepare() on null in C:\xampp\htdocs\codekendra\api\get_user_posts.php:30
Stack trace:
#0 {main}
  thrown in C:\xampp\htdocs\codekendra\api\get_user_posts.php on line 30
[25-Aug-2025 02:57:20 Europe/Berlin] PHP Warning:  Undefined variable $conn in C:\xampp\htdocs\codekendra\api\get_user_posts.php on line 30
[25-Aug-2025 02:57:20 Europe/Berlin] PHP Fatal error:  Uncaught Error: Call to a member function prepare() on null in C:\xampp\htdocs\codekendra\api\get_user_posts.php:30
Stack trace:
#0 {main}
  thrown in C:\xampp\htdocs\codekendra\api\get_user_posts.php on line 30
[25-Aug-2025 02:57:58 Europe/Berlin] PHP Warning:  Undefined variable $conn in C:\xampp\htdocs\codekendra\api\get_follow_stats.php on line 23
[25-Aug-2025 02:57:58 Europe/Berlin] PHP Fatal error:  Uncaught Error: Call to a member function prepare() on null in C:\xampp\htdocs\codekendra\api\get_follow_stats.php:23
Stack trace:
#0 {main}
  thrown in C:\xampp\htdocs\codekendra\api\get_follow_stats.php on line 23
[25-Aug-2025 02:57:58 Europe/Berlin] PHP Warning:  Undefined variable $conn in C:\xampp\htdocs\codekendra\api\get_follow_stats.php on line 23
[25-Aug-2025 02:57:58 Europe/Berlin] PHP Fatal error:  Uncaught Error: Call to a member function prepare() on null in C:\xampp\htdocs\codekendra\api\get_follow_stats.php:23
Stack trace:
#0 {main}
  thrown in C:\xampp\htdocs\codekendra\api\get_follow_stats.php on line 23
[25-Aug-2025 02:57:58 Europe/Berlin] PHP Warning:  Undefined variable $conn in C:\xampp\htdocs\codekendra\api\get_user_posts.php on line 30
[25-Aug-2025 02:57:58 Europe/Berlin] PHP Fatal error:  Uncaught Error: Call to a member function prepare() on null in C:\xampp\htdocs\codekendra\api\get_user_posts.php:30
Stack trace:
#0 {main}
  thrown in C:\xampp\htdocs\codekendra\api\get_user_posts.php on line 30
[25-Aug-2025 02:57:58 Europe/Berlin] PHP Warning:  Undefined variable $conn in C:\xampp\htdocs\codekendra\api\get_user_posts.php on line 30
[25-Aug-2025 02:57:58 Europe/Berlin] PHP Fatal error:  Uncaught Error: Call to a member function prepare() on null in C:\xampp\htdocs\codekendra\api\get_user_posts.php:30
Stack trace:
#0 {main}
  thrown in C:\xampp\htdocs\codekendra\api\get_user_posts.php on line 30
[25-Aug-2025 03:05:45 Europe/Berlin] PHP Warning:  Undefined variable $conn in C:\xampp\htdocs\codekendra\api\get_follow_stats.php on line 23
[25-Aug-2025 03:05:45 Europe/Berlin] PHP Fatal error:  Uncaught Error: Call to a member function prepare() on null in C:\xampp\htdocs\codekendra\api\get_follow_stats.php:23
Stack trace:
#0 {main}
  thrown in C:\xampp\htdocs\codekendra\api\get_follow_stats.php on line 23
[25-Aug-2025 03:05:45 Europe/Berlin] PHP Warning:  Undefined variable $conn in C:\xampp\htdocs\codekendra\api\get_follow_stats.php on line 23
[25-Aug-2025 03:05:45 Europe/Berlin] PHP Fatal error:  Uncaught Error: Call to a member function prepare() on null in C:\xampp\htdocs\codekendra\api\get_follow_stats.php:23
Stack trace:
#0 {main}
  thrown in C:\xampp\htdocs\codekendra\api\get_follow_stats.php on line 23
[25-Aug-2025 03:05:45 Europe/Berlin] PHP Warning:  Undefined variable $conn in C:\xampp\htdocs\codekendra\api\get_user_posts.php on line 31
[25-Aug-2025 03:05:45 Europe/Berlin] PHP Fatal error:  Uncaught Error: Call to a member function prepare() on null in C:\xampp\htdocs\codekendra\api\get_user_posts.php:31
Stack trace:
#0 {main}
  thrown in C:\xampp\htdocs\codekendra\api\get_user_posts.php on line 31
[25-Aug-2025 03:05:45 Europe/Berlin] PHP Warning:  Undefined variable $conn in C:\xampp\htdocs\codekendra\api\get_user_posts.php on line 31
[25-Aug-2025 03:05:45 Europe/Berlin] PHP Fatal error:  Uncaught Error: Call to a member function prepare() on null in C:\xampp\htdocs\codekendra\api\get_user_posts.php:31
Stack trace:
#0 {main}
  thrown in C:\xampp\htdocs\codekendra\api\get_user_posts.php on line 31
[25-Aug-2025 03:07:11 Europe/Berlin] PHP Warning:  Undefined variable $conn in C:\xampp\htdocs\codekendra\api\get_user_posts.php on line 31
[25-Aug-2025 03:07:11 Europe/Berlin] PHP Fatal error:  Uncaught Error: Call to a member function prepare() on null in C:\xampp\htdocs\codekendra\api\get_user_posts.php:31
Stack trace:
#0 {main}
  thrown in C:\xampp\htdocs\codekendra\api\get_user_posts.php on line 31
[25-Aug-2025 03:07:11 Europe/Berlin] PHP Warning:  Undefined variable $conn in C:\xampp\htdocs\codekendra\api\get_follow_stats.php on line 23
[25-Aug-2025 03:07:11 Europe/Berlin] PHP Fatal error:  Uncaught Error: Call to a member function prepare() on null in C:\xampp\htdocs\codekendra\api\get_follow_stats.php:23
Stack trace:
#0 {main}
  thrown in C:\xampp\htdocs\codekendra\api\get_follow_stats.php on line 23
[25-Aug-2025 03:07:11 Europe/Berlin] PHP Warning:  Undefined variable $conn in C:\xampp\htdocs\codekendra\api\get_user_posts.php on line 31
[25-Aug-2025 03:07:11 Europe/Berlin] PHP Warning:  Undefined variable $conn in C:\xampp\htdocs\codekendra\api\get_follow_stats.php on line 23
[25-Aug-2025 03:07:11 Europe/Berlin] PHP Fatal error:  Uncaught Error: Call to a member function prepare() on null in C:\xampp\htdocs\codekendra\api\get_user_posts.php:31
Stack trace:
#0 {main}
  thrown in C:\xampp\htdocs\codekendra\api\get_user_posts.php on line 31
[25-Aug-2025 03:07:11 Europe/Berlin] PHP Fatal error:  Uncaught Error: Call to a member function prepare() on null in C:\xampp\htdocs\codekendra\api\get_follow_stats.php:23
Stack trace:
#0 {main}
  thrown in C:\xampp\htdocs\codekendra\api\get_follow_stats.php on line 23
[25-Aug-2025 03:09:26 Europe/Berlin] Database connection error: Database connection failed
[25-Aug-2025 03:09:26 Europe/Berlin] Database connection error: Database connection failed
[25-Aug-2025 03:09:26 Europe/Berlin] Database connection error: Database connection failed
[25-Aug-2025 03:09:26 Europe/Berlin] Database connection error: Database connection failed
[25-Aug-2025 03:09:47 Europe/Berlin] Database connection error: Database connection failed
[25-Aug-2025 03:09:47 Europe/Berlin] Database connection error: Database connection failed
[25-Aug-2025 03:09:47 Europe/Berlin] Database connection error: Database connection failed
[25-Aug-2025 03:09:48 Europe/Berlin] Database connection error: Database connection failed
[25-Aug-2025 03:12:05 Europe/Berlin] Database connection error: Database connection failed
[25-Aug-2025 03:12:05 Europe/Berlin] PHP Warning:  Undefined variable $db_config_path in C:\xampp\htdocs\codekendra\api\get_follow_stats.php on line 12
[25-Aug-2025 03:12:05 Europe/Berlin] PHP Fatal error:  Uncaught ValueError: Path cannot be empty in C:\xampp\htdocs\codekendra\api\get_follow_stats.php:12
Stack trace:
#0 {main}
  thrown in C:\xampp\htdocs\codekendra\api\get_follow_stats.php on line 12
[25-Aug-2025 03:12:05 Europe/Berlin] Database connection error: Database connection failed
[25-Aug-2025 03:12:05 Europe/Berlin] PHP Warning:  Undefined variable $db_config_path in C:\xampp\htdocs\codekendra\api\get_follow_stats.php on line 12
[25-Aug-2025 03:12:05 Europe/Berlin] PHP Fatal error:  Uncaught ValueError: Path cannot be empty in C:\xampp\htdocs\codekendra\api\get_follow_stats.php:12
Stack trace:
#0 {main}
  thrown in C:\xampp\htdocs\codekendra\api\get_follow_stats.php on line 12
[25-Aug-2025 03:13:16 Europe/Berlin] User posts error: Table 'codekendra.code_posts' doesn't exist
[25-Aug-2025 03:13:16 Europe/Berlin] User posts error: Table 'codekendra.code_posts' doesn't exist
[25-Aug-2025 03:13:16 Europe/Berlin] Follow stats error: Table 'codekendra.follows' doesn't exist
[25-Aug-2025 03:13:16 Europe/Berlin] Follow stats error: Table 'codekendra.follows' doesn't exist
[25-Aug-2025 04:31:40 Europe/Berlin] User profile error: Commands out of sync; you can't run this command now
[25-Aug-2025 04:31:59 Europe/Berlin] User profile error: Commands out of sync; you can't run this command now
[25-Aug-2025 04:32:09 Europe/Berlin] User profile error: Commands out of sync; you can't run this command now
[25-Aug-2025 04:32:31 Europe/Berlin] User profile error: Commands out of sync; you can't run this command now
[25-Aug-2025 04:51:28 Europe/Berlin] User profile error: Commands out of sync; you can't run this command now
[25-Aug-2025 04:51:32 Europe/Berlin] User profile error: Commands out of sync; you can't run this command now
[25-Aug-2025 04:51:36 Europe/Berlin] User profile error: Commands out of sync; you can't run this command now
[25-Aug-2025 04:54:25 Europe/Berlin] Error in get_chat_list.php: Missing user ID
[25-Aug-2025 06:06:15 Europe/Berlin] User profile error: Commands out of sync; you can't run this command now
[25-Aug-2025 06:08:49 Europe/Berlin] User profile error: Commands out of sync; you can't run this command now
[25-Aug-2025 06:08:59 Europe/Berlin] User profile error: Commands out of sync; you can't run this command now
